[02:16:07] WARN [org.apache.directory.api.ldap.model.entry.Value] - MSG_13202_AT_IS_NULL ()
[02:16:07] WARN [org.apache.directory.api.ldap.model.entry.Value] - MSG_13202_AT_IS_NULL ()
[02:16:07] WARN [org.apache.directory.api.ldap.model.entry.Value] - MSG_13202_AT_IS_NULL ()
[02:16:07] WARN [org.apache.directory.api.ldap.model.entry.Value] - MSG_13202_AT_IS_NULL ()
[02:16:07] WARN [org.apache.directory.api.ldap.model.entry.Value] - MSG_13202_AT_IS_NULL ()
[02:16:07] WARN [org.apache.directory.api.ldap.model.entry.Value] - MSG_13202_AT_IS_NULL ()
[02:16:07] WARN [org.apache.directory.api.ldap.model.entry.Value] - MSG_13202_AT_IS_NULL ()
[02:16:07] WARN [org.apache.directory.api.ldap.model.entry.Value] - MSG_13202_AT_IS_NULL ()
[02:16:07] WARN [org.apache.directory.api.ldap.model.entry.Value] - MSG_13202_AT_IS_NULL ()
[02:16:07] WARN [org.apache.directory.api.ldap.model.entry.Value] - MSG_13202_AT_IS_NULL ()
[02:16:07] WARN [org.apache.directory.api.ldap.model.entry.Value] - MSG_13202_AT_IS_NULL ()
[02:16:07] WARN [org.apache.directory.api.ldap.model.entry.Value] - MSG_13202_AT_IS_NULL ()
[02:16:07] WARN [org.apache.directory.api.ldap.model.entry.Value] - MSG_13202_AT_IS_NULL ()
[02:16:07] WARN [org.apache.directory.api.ldap.model.entry.Value] - MSG_13202_AT_IS_NULL ()
[02:16:07] WARN [org.apache.directory.api.ldap.model.entry.Value] - MSG_13202_AT_IS_NULL ()
[02:16:07] WARN [org.apache.directory.api.ldap.model.entry.Value] - MSG_13202_AT_IS_NULL ()
[02:16:07] WARN [org.apache.directory.api.ldap.model.entry.Value] - MSG_13202_AT_IS_NULL ()
[02:16:07] WARN [org.apache.directory.api.ldap.model.entry.Value] - MSG_13202_AT_IS_NULL ()
[02:16:07] WARN [org.apache.directory.api.ldap.model.entry.Value] - MSG_13202_AT_IS_NULL ()
[02:16:07] WARN [org.apache.directory.api.ldap.model.entry.Value] - MSG_13202_AT_IS_NULL ()
[02:16:07] WARN [org.apache.directory.api.ldap.model.entry.Value] - MSG_13202_AT_IS_NULL ()
[02:16:07] WARN [org.apache.directory.api.ldap.model.entry.Value] - MSG_13202_AT_IS_NULL ()
[02:16:07] WARN [org.apache.directory.api.ldap.model.entry.Value] - MSG_13202_AT_IS_NULL ()
[02:16:07] WARN [org.apache.directory.api.ldap.model.entry.Value] - MSG_13202_AT_IS_NULL ()
[02:16:07] WARN [org.apache.directory.api.ldap.model.entry.Value] - MSG_13202_AT_IS_NULL ()
[02:16:07] WARN [org.apache.directory.api.ldap.model.entry.Value] - MSG_13202_AT_IS_NULL ()
[02:16:07] WARN [org.apache.directory.api.ldap.model.entry.Value] - MSG_13202_AT_IS_NULL ()
[02:16:07] WARN [org.apache.directory.api.ldap.model.entry.Value] - MSG_13202_AT_IS_NULL ()
[02:16:07] WARN [org.apache.directory.api.ldap.model.entry.Value] - MSG_13202_AT_IS_NULL ()
[02:16:07] WARN [org.apache.directory.api.ldap.model.entry.Value] - MSG_13202_AT_IS_NULL ()
[02:16:07] WARN [org.apache.directory.api.ldap.model.entry.Value] - MSG_13202_AT_IS_NULL ()
[02:16:07] WARN [org.apache.directory.api.ldap.model.entry.Value] - MSG_13202_AT_IS_NULL ()
[02:16:07] WARN [org.apache.directory.api.ldap.model.entry.Value] - MSG_13202_AT_IS_NULL ()
[02:16:07] WARN [org.apache.directory.api.ldap.model.entry.Value] - MSG_13202_AT_IS_NULL ()
[02:16:07] WARN [org.apache.directory.api.ldap.model.entry.Value] - MSG_13202_AT_IS_NULL ()
[02:16:07] WARN [org.apache.directory.api.ldap.model.entry.Value] - MSG_13202_AT_IS_NULL ()
[02:16:07] WARN [org.apache.directory.api.ldap.model.entry.Value] - MSG_13202_AT_IS_NULL ()
[02:16:07] WARN [org.apache.directory.server.core.DefaultDirectoryService] - You didn't change the admin password of directory service instance 'default'.  Please update the admin password as soon as possible to prevent a possible security breach.
           _                     _          ____  ____   
          / \   _ __    ___  ___| |__   ___|  _ \/ ___|  
         / _ \ | '_ \ / _` |/ __| '_ \ / _ \ | | \___ \  
        / ___ \| |_) | (_| | (__| | | |  __/ |_| |___) | 
       /_/   \_\ .__/ \__,_|\___|_| |_|\___|____/|____/  
               |_|                                       

[02:16:13] WARN [org.apache.directory.api.ldap.model.entry.Value] - MSG_13202_AT_IS_NULL ()
[02:16:13] WARN [org.apache.directory.api.ldap.model.entry.Value] - MSG_13202_AT_IS_NULL ()
[02:16:13] WARN [org.apache.directory.api.ldap.model.entry.Value] - MSG_13202_AT_IS_NULL ()
[02:16:13] WARN [org.apache.directory.api.ldap.model.entry.Value] - MSG_13202_AT_IS_NULL ()
[02:16:13] WARN [org.apache.directory.api.ldap.model.entry.Value] - MSG_13202_AT_IS_NULL ()
[02:16:13] WARN [org.apache.directory.api.ldap.model.entry.Value] - MSG_13202_AT_IS_NULL ()
[02:16:13] WARN [org.apache.directory.api.ldap.model.entry.Value] - MSG_13202_AT_IS_NULL ()
[02:16:13] WARN [org.apache.directory.api.ldap.model.entry.Value] - MSG_13202_AT_IS_NULL ()
[02:16:13] WARN [org.apache.directory.api.ldap.model.entry.Value] - MSG_13202_AT_IS_NULL ()
[02:16:13] WARN [org.apache.directory.api.ldap.model.entry.Value] - MSG_13202_AT_IS_NULL ()
[02:16:13] WARN [org.apache.directory.api.ldap.model.entry.Value] - MSG_13202_AT_IS_NULL ()
[02:16:13] WARN [org.apache.directory.api.ldap.model.entry.Value] - MSG_13202_AT_IS_NULL ()
[02:16:13] WARN [org.apache.directory.api.ldap.model.entry.Value] - MSG_13202_AT_IS_NULL ()
[02:16:13] WARN [org.apache.directory.api.ldap.model.entry.Value] - MSG_13202_AT_IS_NULL ()
[02:16:13] WARN [org.apache.directory.api.ldap.model.entry.Value] - MSG_13202_AT_IS_NULL ()
[02:16:13] WARN [org.apache.directory.api.ldap.model.entry.Value] - MSG_13202_AT_IS_NULL ()
[02:16:13] WARN [org.apache.directory.api.ldap.model.entry.Value] - MSG_13202_AT_IS_NULL ()
[02:16:13] WARN [org.apache.directory.api.ldap.model.entry.Value] - MSG_13202_AT_IS_NULL ()
[02:16:13] WARN [org.apache.directory.api.ldap.model.entry.Value] - MSG_13202_AT_IS_NULL ()
[02:16:13] WARN [org.apache.directory.api.ldap.model.entry.Value] - MSG_13202_AT_IS_NULL ()
[02:16:13] WARN [org.apache.directory.api.ldap.model.entry.Value] - MSG_13202_AT_IS_NULL ()
[02:16:13] WARN [org.apache.directory.api.ldap.model.entry.Value] - MSG_13202_AT_IS_NULL ()
[02:16:13] WARN [org.apache.directory.api.ldap.model.entry.Value] - MSG_13202_AT_IS_NULL ()
[02:16:13] WARN [org.apache.directory.api.ldap.model.entry.Value] - MSG_13202_AT_IS_NULL ()
[02:16:13] WARN [org.apache.directory.api.ldap.model.entry.Value] - MSG_13202_AT_IS_NULL ()
[02:16:13] WARN [org.apache.directory.api.ldap.model.entry.Value] - MSG_13202_AT_IS_NULL ()
[02:16:13] WARN [org.apache.directory.api.ldap.model.entry.Value] - MSG_13202_AT_IS_NULL ()
[02:16:13] WARN [org.apache.directory.api.ldap.model.entry.Value] - MSG_13202_AT_IS_NULL ()
[02:16:13] WARN [org.apache.directory.api.ldap.model.entry.Value] - MSG_13202_AT_IS_NULL ()
[02:17:59] WARN [org.apache.directory.api.ldap.model.entry.Value] - MSG_13202_AT_IS_NULL ()
[02:17:59] WARN [org.apache.directory.api.ldap.model.entry.Value] - MSG_13202_AT_IS_NULL ()
[02:17:59] WARN [org.apache.directory.api.ldap.model.entry.Value] - MSG_13202_AT_IS_NULL ()
[02:17:59] WARN [org.apache.directory.api.ldap.model.entry.Value] - MSG_13202_AT_IS_NULL ()
[02:17:59] WARN [org.apache.directory.api.ldap.model.entry.Value] - MSG_13202_AT_IS_NULL ()
[02:17:59] WARN [org.apache.directory.api.ldap.model.entry.Value] - MSG_13202_AT_IS_NULL ()
[02:17:59] WARN [org.apache.directory.api.ldap.model.entry.Value] - MSG_13202_AT_IS_NULL ()
[02:17:59] WARN [org.apache.directory.api.ldap.model.entry.Value] - MSG_13202_AT_IS_NULL ()
[02:17:59] WARN [org.apache.directory.api.ldap.model.entry.Value] - MSG_13202_AT_IS_NULL ()
[02:17:59] WARN [org.apache.directory.api.ldap.model.entry.Value] - MSG_13202_AT_IS_NULL ()
[02:17:59] WARN [org.apache.directory.api.ldap.model.entry.Value] - MSG_13202_AT_IS_NULL ()
[02:17:59] WARN [org.apache.directory.api.ldap.model.entry.Value] - MSG_13202_AT_IS_NULL ()
[02:17:59] WARN [org.apache.directory.api.ldap.model.entry.Value] - MSG_13202_AT_IS_NULL ()
[02:17:59] WARN [org.apache.directory.api.ldap.model.entry.Value] - MSG_13202_AT_IS_NULL ()
[02:17:59] WARN [org.apache.directory.api.ldap.model.entry.Value] - MSG_13202_AT_IS_NULL ()
[02:17:59] WARN [org.apache.directory.api.ldap.model.entry.Value] - MSG_13202_AT_IS_NULL ()
[02:17:59] WARN [org.apache.directory.api.ldap.model.entry.Value] - MSG_13202_AT_IS_NULL ()
[02:17:59] WARN [org.apache.directory.api.ldap.model.entry.Value] - MSG_13202_AT_IS_NULL ()
[02:17:59] WARN [org.apache.directory.api.ldap.model.entry.Value] - MSG_13202_AT_IS_NULL ()
[02:17:59] WARN [org.apache.directory.api.ldap.model.entry.Value] - MSG_13202_AT_IS_NULL ()
[02:17:59] WARN [org.apache.directory.api.ldap.model.entry.Value] - MSG_13202_AT_IS_NULL ()
[02:17:59] WARN [org.apache.directory.api.ldap.model.entry.Value] - MSG_13202_AT_IS_NULL ()
[02:17:59] WARN [org.apache.directory.api.ldap.model.entry.Value] - MSG_13202_AT_IS_NULL ()
[02:17:59] WARN [org.apache.directory.api.ldap.model.entry.Value] - MSG_13202_AT_IS_NULL ()
[02:17:59] WARN [org.apache.directory.api.ldap.model.entry.Value] - MSG_13202_AT_IS_NULL ()
[02:17:59] WARN [org.apache.directory.api.ldap.model.entry.Value] - MSG_13202_AT_IS_NULL ()
[02:17:59] WARN [org.apache.directory.api.ldap.model.entry.Value] - MSG_13202_AT_IS_NULL ()
[02:17:59] WARN [org.apache.directory.api.ldap.model.entry.Value] - MSG_13202_AT_IS_NULL ()
[02:17:59] WARN [org.apache.directory.api.ldap.model.entry.Value] - MSG_13202_AT_IS_NULL ()
[02:17:59] WARN [org.apache.directory.api.ldap.model.entry.Value] - MSG_13202_AT_IS_NULL ()
[02:17:59] WARN [org.apache.directory.api.ldap.model.entry.Value] - MSG_13202_AT_IS_NULL ()
[02:17:59] WARN [org.apache.directory.api.ldap.model.entry.Value] - MSG_13202_AT_IS_NULL ()
[02:17:59] WARN [org.apache.directory.api.ldap.model.entry.Value] - MSG_13202_AT_IS_NULL ()
[02:17:59] WARN [org.apache.directory.api.ldap.model.entry.Value] - MSG_13202_AT_IS_NULL ()
[02:17:59] WARN [org.apache.directory.api.ldap.model.entry.Value] - MSG_13202_AT_IS_NULL ()
[02:17:59] WARN [org.apache.directory.api.ldap.model.entry.Value] - MSG_13202_AT_IS_NULL ()
[02:17:59] WARN [org.apache.directory.api.ldap.model.entry.Value] - MSG_13202_AT_IS_NULL ()
[02:17:59] WARN [org.apache.directory.api.ldap.model.entry.Value] - MSG_13202_AT_IS_NULL ()
[02:17:59] WARN [org.apache.directory.api.ldap.model.entry.Value] - MSG_13202_AT_IS_NULL ()
[02:17:59] WARN [org.apache.directory.api.ldap.model.entry.Value] - MSG_13202_AT_IS_NULL ()
[02:18:00] WARN [org.apache.directory.api.ldap.model.entry.Value] - MSG_13202_AT_IS_NULL ()
[02:18:00] WARN [org.apache.directory.api.ldap.model.entry.Value] - MSG_13202_AT_IS_NULL ()
[02:18:00] WARN [org.apache.directory.api.ldap.model.entry.Value] - MSG_13202_AT_IS_NULL ()
[02:18:00] WARN [org.apache.directory.api.ldap.model.entry.Value] - MSG_13202_AT_IS_NULL ()
[02:18:00] WARN [org.apache.directory.api.ldap.model.entry.Value] - MSG_13202_AT_IS_NULL ()
[02:18:00] WARN [org.apache.directory.api.ldap.model.entry.Value] - MSG_13202_AT_IS_NULL ()
[02:18:00] WARN [org.apache.directory.api.ldap.model.entry.Value] - MSG_13202_AT_IS_NULL ()
[02:18:00] WARN [org.apache.directory.api.ldap.model.entry.Value] - MSG_13202_AT_IS_NULL ()
[02:18:00] WARN [org.apache.directory.api.ldap.model.entry.Value] - MSG_13202_AT_IS_NULL ()
[02:18:00] WARN [org.apache.directory.api.ldap.model.entry.Value] - MSG_13202_AT_IS_NULL ()
[02:18:00] WARN [org.apache.directory.api.ldap.model.entry.Value] - MSG_13202_AT_IS_NULL ()
[02:18:00] WARN [org.apache.directory.api.ldap.model.entry.Value] - MSG_13202_AT_IS_NULL ()
[02:18:00] WARN [org.apache.directory.api.ldap.model.entry.Value] - MSG_13202_AT_IS_NULL ()
[02:18:32] WARN [org.apache.directory.api.ldap.model.entry.Value] - MSG_13202_AT_IS_NULL ()
[02:18:32] WARN [org.apache.directory.api.ldap.model.entry.Value] - MSG_13202_AT_IS_NULL ()
[02:18:32] WARN [org.apache.directory.api.ldap.model.entry.Value] - MSG_13202_AT_IS_NULL ()
[02:18:32] WARN [org.apache.directory.api.ldap.model.entry.Value] - MSG_13202_AT_IS_NULL ()
[02:18:32] WARN [org.apache.directory.api.ldap.model.entry.Value] - MSG_13202_AT_IS_NULL ()
[02:18:32] WARN [org.apache.directory.api.ldap.model.entry.Value] - MSG_13202_AT_IS_NULL ()
[02:18:32] WARN [org.apache.directory.api.ldap.model.entry.Value] - MSG_13202_AT_IS_NULL ()
[02:18:32] WARN [org.apache.directory.api.ldap.model.entry.Value] - MSG_13202_AT_IS_NULL ()
[02:18:32] WARN [org.apache.directory.api.ldap.model.entry.Value] - MSG_13202_AT_IS_NULL ()
[02:18:32] WARN [org.apache.directory.api.ldap.model.entry.Value] - MSG_13202_AT_IS_NULL ()
[02:18:50] WARN [org.apache.directory.api.ldap.model.entry.Value] - MSG_13202_AT_IS_NULL ()
[02:18:50] WARN [org.apache.directory.api.ldap.model.entry.Value] - MSG_13202_AT_IS_NULL ()
[02:18:50] WARN [org.apache.directory.api.ldap.model.entry.Value] - MSG_13202_AT_IS_NULL ()
[02:18:50] WARN [org.apache.directory.api.ldap.model.entry.Value] - MSG_13202_AT_IS_NULL ()
[02:18:50] WARN [org.apache.directory.api.ldap.model.entry.Value] - MSG_13202_AT_IS_NULL ()
[02:18:50] WARN [org.apache.directory.api.ldap.model.entry.Value] - MSG_13202_AT_IS_NULL ()
[02:18:50] WARN [org.apache.directory.api.ldap.model.entry.Value] - MSG_13202_AT_IS_NULL ()
[02:18:50] WARN [org.apache.directory.api.ldap.model.entry.Value] - MSG_13202_AT_IS_NULL ()
[02:18:50] WARN [org.apache.directory.api.ldap.model.entry.Value] - MSG_13202_AT_IS_NULL ()
[02:18:50] WARN [org.apache.directory.api.ldap.model.entry.Value] - MSG_13202_AT_IS_NULL ()
[02:18:50] WARN [org.apache.directory.api.ldap.model.entry.Value] - MSG_13202_AT_IS_NULL ()
[02:18:50] WARN [org.apache.directory.api.ldap.model.entry.Value] - MSG_13202_AT_IS_NULL ()
[02:19:01] WARN [org.apache.directory.api.ldap.model.entry.Value] - MSG_13202_AT_IS_NULL ()
[02:19:01] WARN [org.apache.directory.api.ldap.model.entry.Value] - MSG_13202_AT_IS_NULL ()
[02:19:01] WARN [org.apache.directory.api.ldap.model.entry.Value] - MSG_13202_AT_IS_NULL ()
[02:19:01] WARN [org.apache.directory.api.ldap.model.entry.Value] - MSG_13202_AT_IS_NULL ()
[02:19:01] WARN [org.apache.directory.api.ldap.model.entry.Value] - MSG_13202_AT_IS_NULL ()
[02:19:01] WARN [org.apache.directory.api.ldap.model.entry.Value] - MSG_13202_AT_IS_NULL ()
[02:19:01] WARN [org.apache.directory.api.ldap.model.entry.Value] - MSG_13202_AT_IS_NULL ()
[02:19:01] WARN [org.apache.directory.api.ldap.model.entry.Value] - MSG_13202_AT_IS_NULL ()
[02:19:01] WARN [org.apache.directory.api.ldap.model.entry.Value] - MSG_13202_AT_IS_NULL ()
[02:19:01] WARN [org.apache.directory.api.ldap.model.entry.Value] - MSG_13202_AT_IS_NULL ()
[02:19:01] WARN [org.apache.directory.api.ldap.model.entry.Value] - MSG_13202_AT_IS_NULL ()
[02:19:01] WARN [org.apache.directory.api.ldap.model.entry.Value] - MSG_13202_AT_IS_NULL ()
[02:20:45] WARN [org.apache.directory.api.ldap.model.entry.Value] - MSG_13202_AT_IS_NULL ()
[02:20:45] WARN [org.apache.directory.api.ldap.model.entry.Value] - MSG_13202_AT_IS_NULL ()
[02:20:45] WARN [org.apache.directory.api.ldap.model.entry.Value] - MSG_13202_AT_IS_NULL ()
[02:20:45] WARN [org.apache.directory.api.ldap.model.entry.Value] - MSG_13202_AT_IS_NULL ()
[02:20:45] WARN [org.apache.directory.api.ldap.model.entry.Value] - MSG_13202_AT_IS_NULL ()
[02:20:45] WARN [org.apache.directory.api.ldap.model.entry.Value] - MSG_13202_AT_IS_NULL ()
[02:20:45] WARN [org.apache.directory.api.ldap.model.entry.Value] - MSG_13202_AT_IS_NULL ()
[02:20:45] WARN [org.apache.directory.api.ldap.model.entry.Value] - MSG_13202_AT_IS_NULL ()
[02:20:45] WARN [org.apache.directory.api.ldap.model.entry.Value] - MSG_13202_AT_IS_NULL ()
[02:20:45] WARN [org.apache.directory.api.ldap.model.entry.Value] - MSG_13202_AT_IS_NULL ()
[02:20:45] WARN [org.apache.directory.api.ldap.model.entry.Value] - MSG_13202_AT_IS_NULL ()
[02:26:01] WARN [org.apache.directory.api.ldap.model.entry.Value] - MSG_13202_AT_IS_NULL ()
[02:26:01] WARN [org.apache.directory.api.ldap.model.entry.Value] - MSG_13202_AT_IS_NULL ()
[02:26:01] WARN [org.apache.directory.api.ldap.model.entry.Value] - MSG_13202_AT_IS_NULL ()
[02:26:01] WARN [org.apache.directory.api.ldap.model.entry.Value] - MSG_13202_AT_IS_NULL ()
[02:26:01] WARN [org.apache.directory.api.ldap.model.entry.Value] - MSG_13202_AT_IS_NULL ()
[02:26:01] WARN [org.apache.directory.api.ldap.model.entry.Value] - MSG_13202_AT_IS_NULL ()
[02:26:01] WARN [org.apache.directory.api.ldap.model.entry.Value] - MSG_13202_AT_IS_NULL ()
[02:26:01] WARN [org.apache.directory.api.ldap.model.entry.Value] - MSG_13202_AT_IS_NULL ()
[02:26:01] WARN [org.apache.directory.api.ldap.model.entry.Value] - MSG_13202_AT_IS_NULL ()
[02:26:01] WARN [org.apache.directory.api.ldap.model.entry.Value] - MSG_13202_AT_IS_NULL ()
[02:26:01] WARN [org.apache.directory.api.ldap.model.entry.Value] - MSG_13202_AT_IS_NULL ()
[02:26:01] WARN [org.apache.directory.api.ldap.model.entry.Value] - MSG_13202_AT_IS_NULL ()
[02:26:01] WARN [org.apache.directory.api.ldap.model.entry.Value] - MSG_13202_AT_IS_NULL ()
[02:26:01] WARN [org.apache.directory.api.ldap.model.entry.Value] - MSG_13202_AT_IS_NULL ()
[02:26:01] WARN [org.apache.directory.api.ldap.model.entry.Value] - MSG_13202_AT_IS_NULL ()
[02:26:01] WARN [org.apache.directory.api.ldap.model.entry.Value] - MSG_13202_AT_IS_NULL ()
[02:26:01] WARN [org.apache.directory.api.ldap.model.entry.Value] - MSG_13202_AT_IS_NULL ()
[02:26:01] WARN [org.apache.directory.api.ldap.model.entry.Value] - MSG_13202_AT_IS_NULL ()
[02:26:01] WARN [org.apache.directory.api.ldap.model.entry.Value] - MSG_13202_AT_IS_NULL ()
[02:26:01] WARN [org.apache.directory.api.ldap.model.entry.Value] - MSG_13202_AT_IS_NULL ()
[02:26:01] WARN [org.apache.directory.api.ldap.model.entry.Value] - MSG_13202_AT_IS_NULL ()
[02:26:01] WARN [org.apache.directory.api.ldap.model.entry.Value] - MSG_13202_AT_IS_NULL ()
[02:26:01] WARN [org.apache.directory.api.ldap.model.entry.Value] - MSG_13202_AT_IS_NULL ()
[02:26:01] WARN [org.apache.directory.api.ldap.model.entry.Value] - MSG_13202_AT_IS_NULL ()
[02:26:01] WARN [org.apache.directory.api.ldap.model.entry.Value] - MSG_13202_AT_IS_NULL ()
[02:26:01] WARN [org.apache.directory.api.ldap.model.entry.Value] - MSG_13202_AT_IS_NULL ()
[02:26:01] WARN [org.apache.directory.api.ldap.model.entry.Value] - MSG_13202_AT_IS_NULL ()
[02:26:01] WARN [org.apache.directory.api.ldap.model.entry.Value] - MSG_13202_AT_IS_NULL ()
[02:26:01] WARN [org.apache.directory.api.ldap.model.entry.Value] - MSG_13202_AT_IS_NULL ()
[02:26:01] WARN [org.apache.directory.api.ldap.model.entry.Value] - MSG_13202_AT_IS_NULL ()
[02:26:01] WARN [org.apache.directory.api.ldap.model.entry.Value] - MSG_13202_AT_IS_NULL ()
[02:26:01] WARN [org.apache.directory.api.ldap.model.entry.Value] - MSG_13202_AT_IS_NULL ()
[02:26:01] WARN [org.apache.directory.api.ldap.model.entry.Value] - MSG_13202_AT_IS_NULL ()
[02:26:01] WARN [org.apache.directory.api.ldap.model.entry.Value] - MSG_13202_AT_IS_NULL ()
[02:26:01] WARN [org.apache.directory.api.ldap.model.entry.Value] - MSG_13202_AT_IS_NULL ()
[02:26:01] WARN [org.apache.directory.api.ldap.model.entry.Value] - MSG_13202_AT_IS_NULL ()
[02:26:01] WARN [org.apache.directory.api.ldap.model.entry.Value] - MSG_13202_AT_IS_NULL ()
[02:26:01] WARN [org.apache.directory.api.ldap.model.entry.Value] - MSG_13202_AT_IS_NULL ()
[02:26:01] WARN [org.apache.directory.api.ldap.model.entry.Value] - MSG_13202_AT_IS_NULL ()
[02:26:01] WARN [org.apache.directory.api.ldap.model.entry.Value] - MSG_13202_AT_IS_NULL ()
[02:26:01] WARN [org.apache.directory.api.ldap.model.entry.Value] - MSG_13202_AT_IS_NULL ()
[02:26:01] WARN [org.apache.directory.api.ldap.model.entry.Value] - MSG_13202_AT_IS_NULL ()
[02:26:01] WARN [org.apache.directory.api.ldap.model.entry.Value] - MSG_13202_AT_IS_NULL ()
[02:26:01] WARN [org.apache.directory.api.ldap.model.entry.Value] - MSG_13202_AT_IS_NULL ()
[02:26:01] WARN [org.apache.directory.api.ldap.model.entry.Value] - MSG_13202_AT_IS_NULL ()
[02:26:01] WARN [org.apache.directory.api.ldap.model.entry.Value] - MSG_13202_AT_IS_NULL ()
[02:26:01] WARN [org.apache.directory.api.ldap.model.entry.Value] - MSG_13202_AT_IS_NULL ()
[02:26:01] WARN [org.apache.directory.api.ldap.model.entry.Value] - MSG_13202_AT_IS_NULL ()
[02:26:01] WARN [org.apache.directory.api.ldap.model.entry.Value] - MSG_13202_AT_IS_NULL ()
[02:26:01] WARN [org.apache.directory.api.ldap.model.entry.Value] - MSG_13202_AT_IS_NULL ()
[02:26:01] WARN [org.apache.directory.api.ldap.model.entry.Value] - MSG_13202_AT_IS_NULL ()
[02:26:01] WARN [org.apache.directory.api.ldap.model.entry.Value] - MSG_13202_AT_IS_NULL ()
[02:26:01] WARN [org.apache.directory.api.ldap.model.entry.Value] - MSG_13202_AT_IS_NULL ()
[02:26:01] WARN [org.apache.directory.api.ldap.model.entry.Value] - MSG_13202_AT_IS_NULL ()
[02:26:01] WARN [org.apache.directory.api.ldap.model.entry.Value] - MSG_13202_AT_IS_NULL ()
[02:26:01] WARN [org.apache.directory.api.ldap.model.entry.Value] - MSG_13202_AT_IS_NULL ()
[02:26:01] WARN [org.apache.directory.api.ldap.model.entry.Value] - MSG_13202_AT_IS_NULL ()
[02:26:01] WARN [org.apache.directory.api.ldap.model.entry.Value] - MSG_13202_AT_IS_NULL ()
[02:26:01] WARN [org.apache.directory.api.ldap.model.entry.Value] - MSG_13202_AT_IS_NULL ()
[02:26:01] WARN [org.apache.directory.api.ldap.model.entry.Value] - MSG_13202_AT_IS_NULL ()
[02:26:01] WARN [org.apache.directory.api.ldap.model.entry.Value] - MSG_13202_AT_IS_NULL ()
[02:26:01] WARN [org.apache.directory.api.ldap.model.entry.Value] - MSG_13202_AT_IS_NULL ()
[02:26:01] WARN [org.apache.directory.api.ldap.model.entry.Value] - MSG_13202_AT_IS_NULL ()
[02:26:01] WARN [org.apache.directory.api.ldap.model.entry.Value] - MSG_13202_AT_IS_NULL ()
[02:26:01] WARN [org.apache.directory.api.ldap.model.entry.Value] - MSG_13202_AT_IS_NULL ()
[02:26:01] WARN [org.apache.directory.api.ldap.model.entry.Value] - MSG_13202_AT_IS_NULL ()
[02:26:01] WARN [org.apache.directory.api.ldap.model.entry.Value] - MSG_13202_AT_IS_NULL ()
[02:26:25] WARN [org.apache.directory.api.ldap.model.entry.Value] - MSG_13202_AT_IS_NULL ()
[02:26:25] WARN [org.apache.directory.api.ldap.model.entry.Value] - MSG_13202_AT_IS_NULL ()
[02:26:25] WARN [org.apache.directory.api.ldap.model.entry.Value] - MSG_13202_AT_IS_NULL ()
[02:26:25] WARN [org.apache.directory.api.ldap.model.entry.Value] - MSG_13202_AT_IS_NULL ()
[02:26:25] WARN [org.apache.directory.api.ldap.model.entry.Value] - MSG_13202_AT_IS_NULL ()
[02:26:25] WARN [org.apache.directory.api.ldap.model.entry.Value] - MSG_13202_AT_IS_NULL ()
[02:26:25] WARN [org.apache.directory.api.ldap.model.entry.Value] - MSG_13202_AT_IS_NULL ()
[02:26:25] WARN [org.apache.directory.api.ldap.model.entry.Value] - MSG_13202_AT_IS_NULL ()
[02:26:25] WARN [org.apache.directory.api.ldap.model.entry.Value] - MSG_13202_AT_IS_NULL ()
[02:26:25] WARN [org.apache.directory.api.ldap.model.entry.Value] - MSG_13202_AT_IS_NULL ()
[02:26:25] WARN [org.apache.directory.api.ldap.model.entry.Value] - MSG_13202_AT_IS_NULL ()
[02:26:28] WARN [org.apache.directory.api.ldap.model.entry.Value] - MSG_13202_AT_IS_NULL ()
[02:26:28] WARN [org.apache.directory.api.ldap.model.entry.Value] - MSG_13202_AT_IS_NULL ()
[02:26:28] WARN [org.apache.directory.api.ldap.model.entry.Value] - MSG_13202_AT_IS_NULL ()
[02:26:28] WARN [org.apache.directory.api.ldap.model.entry.Value] - MSG_13202_AT_IS_NULL ()
[02:26:28] WARN [org.apache.directory.api.ldap.model.entry.Value] - MSG_13202_AT_IS_NULL ()
[02:26:28] WARN [org.apache.directory.api.ldap.model.entry.Value] - MSG_13202_AT_IS_NULL ()
[02:26:28] WARN [org.apache.directory.api.ldap.model.entry.Value] - MSG_13202_AT_IS_NULL ()
[02:26:28] WARN [org.apache.directory.api.ldap.model.entry.Value] - MSG_13202_AT_IS_NULL ()
[02:26:28] WARN [org.apache.directory.api.ldap.model.entry.Value] - MSG_13202_AT_IS_NULL ()
[02:26:28] WARN [org.apache.directory.api.ldap.model.entry.Value] - MSG_13202_AT_IS_NULL ()
[02:26:28] WARN [org.apache.directory.api.ldap.model.entry.Value] - MSG_13202_AT_IS_NULL ()
[02:26:28] WARN [org.apache.directory.api.ldap.model.entry.Value] - MSG_13202_AT_IS_NULL ()
[02:27:24] WARN [org.apache.directory.api.ldap.model.entry.Value] - MSG_13202_AT_IS_NULL ()
[02:27:24] WARN [org.apache.directory.api.ldap.model.entry.Value] - MSG_13202_AT_IS_NULL ()
[02:27:24] WARN [org.apache.directory.api.ldap.model.entry.Value] - MSG_13202_AT_IS_NULL ()
[02:27:24] WARN [org.apache.directory.api.ldap.model.entry.Value] - MSG_13202_AT_IS_NULL ()
[02:27:24] WARN [org.apache.directory.api.ldap.model.entry.Value] - MSG_13202_AT_IS_NULL ()
[02:27:24] WARN [org.apache.directory.api.ldap.model.entry.Value] - MSG_13202_AT_IS_NULL ()
[02:27:24] WARN [org.apache.directory.api.ldap.model.entry.Value] - MSG_13202_AT_IS_NULL ()
[02:27:24] WARN [org.apache.directory.api.ldap.model.entry.Value] - MSG_13202_AT_IS_NULL ()
[02:27:24] WARN [org.apache.directory.api.ldap.model.entry.Value] - MSG_13202_AT_IS_NULL ()
[02:27:24] WARN [org.apache.directory.api.ldap.model.entry.Value] - MSG_13202_AT_IS_NULL ()
[02:27:24] WARN [org.apache.directory.api.ldap.model.entry.Value] - MSG_13202_AT_IS_NULL ()
[02:27:24] WARN [org.apache.directory.api.ldap.model.entry.Value] - MSG_13202_AT_IS_NULL ()
[02:28:55] WARN [org.apache.directory.api.ldap.model.entry.Value] - MSG_13202_AT_IS_NULL ()
[02:28:55] WARN [org.apache.directory.api.ldap.model.entry.Value] - MSG_13202_AT_IS_NULL ()
[02:28:55] WARN [org.apache.directory.api.ldap.model.entry.Value] - MSG_13202_AT_IS_NULL ()
[02:28:55] WARN [org.apache.directory.api.ldap.model.entry.Value] - MSG_13202_AT_IS_NULL ()
[02:28:55] WARN [org.apache.directory.api.ldap.model.entry.Value] - MSG_13202_AT_IS_NULL ()
[02:28:55] WARN [org.apache.directory.api.ldap.model.entry.Value] - MSG_13202_AT_IS_NULL ()
[02:28:55] WARN [org.apache.directory.api.ldap.model.entry.Value] - MSG_13202_AT_IS_NULL ()
[02:28:55] WARN [org.apache.directory.api.ldap.model.entry.Value] - MSG_13202_AT_IS_NULL ()
[02:28:55] WARN [org.apache.directory.api.ldap.model.entry.Value] - MSG_13202_AT_IS_NULL ()
[02:28:55] WARN [org.apache.directory.api.ldap.model.entry.Value] - MSG_13202_AT_IS_NULL ()
[02:29:03] WARN [org.apache.directory.api.ldap.model.entry.Value] - MSG_13202_AT_IS_NULL ()
[02:29:03] WARN [org.apache.directory.api.ldap.model.entry.Value] - MSG_13202_AT_IS_NULL ()
[02:29:03] WARN [org.apache.directory.api.ldap.model.entry.Value] - MSG_13202_AT_IS_NULL ()
[02:29:03] WARN [org.apache.directory.api.ldap.model.entry.Value] - MSG_13202_AT_IS_NULL ()
[02:29:03] WARN [org.apache.directory.api.ldap.model.entry.Value] - MSG_13202_AT_IS_NULL ()
[02:29:03] WARN [org.apache.directory.api.ldap.model.entry.Value] - MSG_13202_AT_IS_NULL ()
[02:29:03] WARN [org.apache.directory.api.ldap.model.entry.Value] - MSG_13202_AT_IS_NULL ()
[02:29:03] WARN [org.apache.directory.api.ldap.model.entry.Value] - MSG_13202_AT_IS_NULL ()
[02:29:03] WARN [org.apache.directory.api.ldap.model.entry.Value] - MSG_13202_AT_IS_NULL ()
[02:29:03] WARN [org.apache.directory.api.ldap.model.entry.Value] - MSG_13202_AT_IS_NULL ()
[02:29:03] WARN [org.apache.directory.api.ldap.model.entry.Value] - MSG_13202_AT_IS_NULL ()
[02:31:20] WARN [org.apache.directory.api.ldap.model.entry.Value] - MSG_13202_AT_IS_NULL ()
[02:31:20] WARN [org.apache.directory.api.ldap.model.entry.Value] - MSG_13202_AT_IS_NULL ()
[02:31:20] WARN [org.apache.directory.api.ldap.model.entry.Value] - MSG_13202_AT_IS_NULL ()
[02:31:20] WARN [org.apache.directory.api.ldap.model.entry.Value] - MSG_13202_AT_IS_NULL ()
[02:31:20] WARN [org.apache.directory.api.ldap.model.entry.Value] - MSG_13202_AT_IS_NULL ()
[02:31:20] WARN [org.apache.directory.api.ldap.model.entry.Value] - MSG_13202_AT_IS_NULL ()
[02:31:20] WARN [org.apache.directory.api.ldap.model.entry.Value] - MSG_13202_AT_IS_NULL ()
[02:31:20] WARN [org.apache.directory.api.ldap.model.entry.Value] - MSG_13202_AT_IS_NULL ()
[02:31:20] WARN [org.apache.directory.api.ldap.model.entry.Value] - MSG_13202_AT_IS_NULL ()
[02:31:20] WARN [org.apache.directory.api.ldap.model.entry.Value] - MSG_13202_AT_IS_NULL ()
[02:31:20] WARN [org.apache.directory.api.ldap.model.entry.Value] - MSG_13202_AT_IS_NULL ()
[02:31:20] WARN [org.apache.directory.api.ldap.model.entry.Value] - MSG_13202_AT_IS_NULL ()
[02:31:20] WARN [org.apache.directory.api.ldap.model.entry.Value] - MSG_13202_AT_IS_NULL ()
[02:31:20] WARN [org.apache.directory.api.ldap.model.entry.Value] - MSG_13202_AT_IS_NULL ()
[02:31:20] WARN [org.apache.directory.api.ldap.model.entry.Value] - MSG_13202_AT_IS_NULL ()
[02:31:20] WARN [org.apache.directory.api.ldap.model.entry.Value] - MSG_13202_AT_IS_NULL ()
[02:31:20] WARN [org.apache.directory.api.ldap.model.entry.Value] - MSG_13202_AT_IS_NULL ()
[02:31:20] WARN [org.apache.directory.api.ldap.model.entry.Value] - MSG_13202_AT_IS_NULL ()
[02:31:20] WARN [org.apache.directory.api.ldap.model.entry.Value] - MSG_13202_AT_IS_NULL ()
[02:31:20] WARN [org.apache.directory.api.ldap.model.entry.Value] - MSG_13202_AT_IS_NULL ()
[02:31:20] WARN [org.apache.directory.api.ldap.model.entry.Value] - MSG_13202_AT_IS_NULL ()
[02:31:20] WARN [org.apache.directory.api.ldap.model.entry.Value] - MSG_13202_AT_IS_NULL ()
[02:31:20] WARN [org.apache.directory.api.ldap.model.entry.Value] - MSG_13202_AT_IS_NULL ()
[02:31:20] WARN [org.apache.directory.api.ldap.model.entry.Value] - MSG_13202_AT_IS_NULL ()
[02:31:20] WARN [org.apache.directory.api.ldap.model.entry.Value] - MSG_13202_AT_IS_NULL ()
[02:31:20] WARN [org.apache.directory.api.ldap.model.entry.Value] - MSG_13202_AT_IS_NULL ()
[02:31:20] WARN [org.apache.directory.api.ldap.model.entry.Value] - MSG_13202_AT_IS_NULL ()
[02:31:20] WARN [org.apache.directory.api.ldap.model.entry.Value] - MSG_13202_AT_IS_NULL ()
[02:31:20] WARN [org.apache.directory.api.ldap.model.entry.Value] - MSG_13202_AT_IS_NULL ()
[02:31:20] WARN [org.apache.directory.api.ldap.model.entry.Value] - MSG_13202_AT_IS_NULL ()
[02:31:20] WARN [org.apache.directory.api.ldap.model.entry.Value] - MSG_13202_AT_IS_NULL ()
[02:31:20] WARN [org.apache.directory.api.ldap.model.entry.Value] - MSG_13202_AT_IS_NULL ()
[02:42:59] WARN [org.apache.directory.api.ldap.model.entry.Value] - MSG_13202_AT_IS_NULL ()
[02:42:59] WARN [org.apache.directory.api.ldap.model.entry.Value] - MSG_13202_AT_IS_NULL ()
[02:42:59] WARN [org.apache.directory.api.ldap.model.entry.Value] - MSG_13202_AT_IS_NULL ()
[02:42:59] WARN [org.apache.directory.api.ldap.model.entry.Value] - MSG_13202_AT_IS_NULL ()
[02:42:59] WARN [org.apache.directory.api.ldap.model.entry.Value] - MSG_13202_AT_IS_NULL ()
[02:42:59] WARN [org.apache.directory.api.ldap.model.entry.Value] - MSG_13202_AT_IS_NULL ()
[02:42:59] WARN [org.apache.directory.api.ldap.model.entry.Value] - MSG_13202_AT_IS_NULL ()
[02:42:59] WARN [org.apache.directory.api.ldap.model.entry.Value] - MSG_13202_AT_IS_NULL ()
[02:42:59] WARN [org.apache.directory.api.ldap.model.entry.Value] - MSG_13202_AT_IS_NULL ()
[02:55:50] WARN [org.apache.directory.api.ldap.model.entry.Value] - MSG_13202_AT_IS_NULL ()
[02:55:50] WARN [org.apache.directory.api.ldap.model.entry.Value] - MSG_13202_AT_IS_NULL ()
[02:55:50] WARN [org.apache.directory.api.ldap.model.entry.Value] - MSG_13202_AT_IS_NULL ()
[02:55:50] WARN [org.apache.directory.api.ldap.model.entry.Value] - MSG_13202_AT_IS_NULL ()
[02:55:50] WARN [org.apache.directory.api.ldap.model.entry.Value] - MSG_13202_AT_IS_NULL ()
[02:55:50] WARN [org.apache.directory.api.ldap.model.entry.Value] - MSG_13202_AT_IS_NULL ()
[02:55:50] WARN [org.apache.directory.api.ldap.model.entry.Value] - MSG_13202_AT_IS_NULL ()
[02:55:50] WARN [org.apache.directory.api.ldap.model.entry.Value] - MSG_13202_AT_IS_NULL ()
[02:55:50] WARN [org.apache.directory.api.ldap.model.entry.Value] - MSG_13202_AT_IS_NULL ()
[02:55:50] WARN [org.apache.directory.api.ldap.model.entry.Value] - MSG_13202_AT_IS_NULL ()
[02:55:50] WARN [org.apache.directory.api.ldap.model.entry.Value] - MSG_13202_AT_IS_NULL ()
[02:55:50] WARN [org.apache.directory.api.ldap.model.entry.Value] - MSG_13202_AT_IS_NULL ()
[02:55:50] WARN [org.apache.directory.api.ldap.model.entry.Value] - MSG_13202_AT_IS_NULL ()
[02:55:50] WARN [org.apache.directory.api.ldap.model.entry.Value] - MSG_13202_AT_IS_NULL ()
[02:55:50] WARN [org.apache.directory.api.ldap.model.entry.Value] - MSG_13202_AT_IS_NULL ()
