03-May-2024 13:07:27.264 INFO [main] org.apache.catalina.startup.VersionLoggerListener.log Server version name:   Apache Tomcat/9.0.88
03-May-2024 13:07:27.267 INFO [main] org.apache.catalina.startup.VersionLoggerListener.log Server built:          Apr 9 2024 13:22:30 UTC
03-May-2024 13:07:27.268 INFO [main] org.apache.catalina.startup.VersionLoggerListener.log Server version number: 9.0.88.0
03-May-2024 13:07:27.268 INFO [main] org.apache.catalina.startup.VersionLoggerListener.log OS Name:               Linux
03-May-2024 13:07:27.268 INFO [main] org.apache.catalina.startup.VersionLoggerListener.log OS Version:            5.4.0-177-generic
03-May-2024 13:07:27.269 INFO [main] org.apache.catalina.startup.VersionLoggerListener.log Architecture:          amd64
03-May-2024 13:07:27.269 INFO [main] org.apache.catalina.startup.VersionLoggerListener.log Java Home:             /usr/lib/jvm/java-8-openjdk-amd64/jre
03-May-2024 13:07:27.269 INFO [main] org.apache.catalina.startup.VersionLoggerListener.log JVM Version:           1.8.0_402-8u402-ga-2ubuntu1~20.04-b06
03-May-2024 13:07:27.269 INFO [main] org.apache.catalina.startup.VersionLoggerListener.log JVM Vendor:            Private Build
03-May-2024 13:07:27.269 INFO [main] org.apache.catalina.startup.VersionLoggerListener.log CATALINA_BASE:         /home/wanglx/arch/apache-tomcat
03-May-2024 13:07:27.269 INFO [main] org.apache.catalina.startup.VersionLoggerListener.log CATALINA_HOME:         /home/wanglx/arch/apache-tomcat
03-May-2024 13:07:27.277 INFO [main] org.apache.catalina.startup.VersionLoggerListener.log Command line argument: -Djava.util.logging.config.file=/home/wanglx/arch/apache-tomcat/conf/logging.properties
03-May-2024 13:07:27.278 INFO [main] org.apache.catalina.startup.VersionLoggerListener.log Command line argument: -Djava.util.logging.manager=org.apache.juli.ClassLoaderLogManager
03-May-2024 13:07:27.278 INFO [main] org.apache.catalina.startup.VersionLoggerListener.log Command line argument: -Djdk.tls.ephemeralDHKeySize=2048
03-May-2024 13:07:27.278 INFO [main] org.apache.catalina.startup.VersionLoggerListener.log Command line argument: -Djava.protocol.handler.pkgs=org.apache.catalina.webresources
03-May-2024 13:07:27.278 INFO [main] org.apache.catalina.startup.VersionLoggerListener.log Command line argument: -Dorg.apache.catalina.security.SecurityListener.UMASK=0027
03-May-2024 13:07:27.278 INFO [main] org.apache.catalina.startup.VersionLoggerListener.log Command line argument: -Dfortress.admin.user=uid=admin,ou=system
03-May-2024 13:07:27.278 INFO [main] org.apache.catalina.startup.VersionLoggerListener.log Command line argument: -Dfortress.admin.pw=secret
03-May-2024 13:07:27.278 INFO [main] org.apache.catalina.startup.VersionLoggerListener.log Command line argument: -Dfortress.config.root=ou=Config,dc=example,dc=com
03-May-2024 13:07:27.278 INFO [main] org.apache.catalina.startup.VersionLoggerListener.log Command line argument: -Dfortress.port=10389
03-May-2024 13:07:27.278 INFO [main] org.apache.catalina.startup.VersionLoggerListener.log Command line argument: -Dignore.endorsed.dirs=
03-May-2024 13:07:27.278 INFO [main] org.apache.catalina.startup.VersionLoggerListener.log Command line argument: -Dcatalina.base=/home/wanglx/arch/apache-tomcat
03-May-2024 13:07:27.279 INFO [main] org.apache.catalina.startup.VersionLoggerListener.log Command line argument: -Dcatalina.home=/home/wanglx/arch/apache-tomcat
03-May-2024 13:07:27.279 INFO [main] org.apache.catalina.startup.VersionLoggerListener.log Command line argument: -Djava.io.tmpdir=/home/wanglx/arch/apache-tomcat/temp
03-May-2024 13:07:27.281 INFO [main] org.apache.catalina.core.AprLifecycleListener.lifecycleEvent The Apache Tomcat Native library which allows using OpenSSL was not found on the java.library.path: [/usr/java/packages/lib/amd64:/usr/lib/x86_64-linux-gnu/jni:/lib/x86_64-linux-gnu:/usr/lib/x86_64-linux-gnu:/usr/lib/jni:/lib:/usr/lib]
03-May-2024 13:07:27.733 INFO [main] org.apache.coyote.AbstractProtocol.init Initializing ProtocolHandler ["http-nio-8080"]
03-May-2024 13:07:27.765 INFO [main] org.apache.catalina.startup.Catalina.load Server initialization in [771] milliseconds
03-May-2024 13:07:27.824 INFO [main] org.apache.catalina.core.StandardService.startInternal Starting service [Catalina]
03-May-2024 13:07:27.824 INFO [main] org.apache.catalina.core.StandardEngine.startInternal Starting Servlet engine: [Apache Tomcat/9.0.88]
03-May-2024 13:07:27.857 INFO [main] org.apache.catalina.startup.HostConfig.deployWAR Deploying web application archive [/home/wanglx/arch/apache-tomcat/webapps/fortress-rest-2.0.3.war]
03-May-2024 13:07:27.873 INFO [main] org.apache.directory.fortress.realm.tomcat.Tc7AccessMgrProxy.setDefaultRoles org.apache.directory.fortress.realm.tomcat.Tc7AccessMgrProxy.setDefaultRoles <>
03-May-2024 13:07:27.873 INFO [main] org.apache.directory.fortress.realm.tomcat.Tc7AccessMgrProxy.setContainerType org.apache.directory.fortress.realm.tomcat.Tc7AccessMgrProxy.setContainerType <TomcatContext>
03-May-2024 13:07:27.873 INFO [main] org.apache.directory.fortress.realm.tomcat.Tc7AccessMgrProxy.setContextId org.apache.directory.fortress.realm.tomcat.Tc7AccessMgrProxy.setContextId <HOME>
03-May-2024 13:07:27.873 INFO [main] org.apache.directory.fortress.realm.tomcat.Tc7AccessMgrProxy.setRealmClasspath org.apache.directory.fortress.realm.tomcat.Tc7AccessMgrProxy.setRealmClasspath <>
03-May-2024 13:07:28.079 INFO [main] org.apache.directory.fortress.realm.tomcat.Tc7AccessMgrProxy.initialize org.apache.directory.fortress.realm.tomcat.Tc7AccessMgrProxy.initialize Tomcat7 Context-based policy agent
03-May-2024 13:07:28.080 INFO [main] org.apache.directory.fortress.realm.tomcat.Tc7AccessMgrProxy.initialize org.apache.directory.fortress.realm.tomcat.Tc7AccessMgrProxy.initialize - instantiate policy agent name: org.apache.directory.fortress.realm.tomcat.TcAccessMgrImpl
03-May-2024 13:07:28.985 INFO [main] org.apache.directory.fortress.realm.tomcat.Tc7AccessMgrProxy.initialize org.apache.directory.fortress.realm.tomcat.Tc7AccessMgrProxy J2EE Tomcat7 policy agent, contextId: HOME, defaultRoles: 
03-May-2024 13:07:31.135 WARNING [main] org.apache.catalina.startup.ContextConfig.validateSecurityRoles Security role name [fortress-rest-user] used in an <auth-constraint> without being defined in a <security-role>
03-May-2024 13:07:31.186 INFO [main] org.apache.jasper.servlet.TldScanner.scanJars At least one JAR was scanned for TLDs yet contained no TLDs. Enable debug logging for this logger for a complete list of JARs that were scanned but no TLDs were found in them. Skipping unneeded JARs during scanning can improve startup time and JSP compilation time.
03-May-2024 13:07:33.508 INFO [main] org.apache.catalina.startup.HostConfig.deployWAR Deployment of web application archive [/home/wanglx/arch/apache-tomcat/webapps/fortress-rest-2.0.3.war] has finished in [5,650] ms
03-May-2024 13:07:33.514 INFO [main] org.apache.catalina.startup.HostConfig.deployWAR Deploying web application archive [/home/wanglx/arch/apache-tomcat/webapps/fortress-web.war]
03-May-2024 13:07:33.516 INFO [main] org.apache.directory.fortress.realm.tomcat.Tc7AccessMgrProxy.setDefaultRoles org.apache.directory.fortress.realm.tomcat.Tc7AccessMgrProxy.setDefaultRoles <>
03-May-2024 13:07:33.517 INFO [main] org.apache.directory.fortress.realm.tomcat.Tc7AccessMgrProxy.setContainerType org.apache.directory.fortress.realm.tomcat.Tc7AccessMgrProxy.setContainerType <TomcatContext>
03-May-2024 13:07:33.517 INFO [main] org.apache.directory.fortress.realm.tomcat.Tc7AccessMgrProxy.setRealmClasspath org.apache.directory.fortress.realm.tomcat.Tc7AccessMgrProxy.setRealmClasspath <>
03-May-2024 13:07:33.517 INFO [main] org.apache.directory.fortress.realm.tomcat.Tc7AccessMgrProxy.setContextId org.apache.directory.fortress.realm.tomcat.Tc7AccessMgrProxy.setContextId <HOME>
03-May-2024 13:07:33.718 INFO [main] org.apache.directory.fortress.realm.tomcat.Tc7AccessMgrProxy.initialize org.apache.directory.fortress.realm.tomcat.Tc7AccessMgrProxy.initialize Tomcat7 Context-based policy agent
03-May-2024 13:07:33.719 INFO [main] org.apache.directory.fortress.realm.tomcat.Tc7AccessMgrProxy.initialize org.apache.directory.fortress.realm.tomcat.Tc7AccessMgrProxy.initialize - instantiate policy agent name: org.apache.directory.fortress.realm.tomcat.TcAccessMgrImpl
03-May-2024 13:07:34.752 INFO [main] org.apache.directory.fortress.realm.tomcat.Tc7AccessMgrProxy.initialize org.apache.directory.fortress.realm.tomcat.Tc7AccessMgrProxy J2EE Tomcat7 policy agent, contextId: HOME, defaultRoles: 
03-May-2024 13:07:37.366 INFO [main] org.apache.jasper.servlet.TldScanner.scanJars At least one JAR was scanned for TLDs yet contained no TLDs. Enable debug logging for this logger for a complete list of JARs that were scanned but no TLDs were found in them. Skipping unneeded JARs during scanning can improve startup time and JSP compilation time.
03-May-2024 13:07:38.249 INFO [main] org.apache.catalina.startup.HostConfig.deployWAR Deployment of web application archive [/home/wanglx/arch/apache-tomcat/webapps/fortress-web.war] has finished in [4,734] ms
03-May-2024 13:07:38.255 INFO [main] org.apache.catalina.startup.HostConfig.deployDirectory Deploying web application directory [/home/wanglx/arch/apache-tomcat/webapps/manager]
03-May-2024 13:07:38.288 INFO [main] org.apache.jasper.servlet.TldScanner.scanJars At least one JAR was scanned for TLDs yet contained no TLDs. Enable debug logging for this logger for a complete list of JARs that were scanned but no TLDs were found in them. Skipping unneeded JARs during scanning can improve startup time and JSP compilation time.
03-May-2024 13:07:38.295 INFO [main] org.apache.catalina.startup.HostConfig.deployDirectory Deployment of web application directory [/home/wanglx/arch/apache-tomcat/webapps/manager] has finished in [40] ms
03-May-2024 13:07:38.295 INFO [main] org.apache.catalina.startup.HostConfig.deployDirectory Deploying web application directory [/home/wanglx/arch/apache-tomcat/webapps/ROOT]
03-May-2024 13:07:38.309 INFO [main] org.apache.jasper.servlet.TldScanner.scanJars At least one JAR was scanned for TLDs yet contained no TLDs. Enable debug logging for this logger for a complete list of JARs that were scanned but no TLDs were found in them. Skipping unneeded JARs during scanning can improve startup time and JSP compilation time.
03-May-2024 13:07:38.311 INFO [main] org.apache.catalina.startup.HostConfig.deployDirectory Deployment of web application directory [/home/wanglx/arch/apache-tomcat/webapps/ROOT] has finished in [16] ms
03-May-2024 13:07:38.311 INFO [main] org.apache.catalina.startup.HostConfig.deployDirectory Deploying web application directory [/home/wanglx/arch/apache-tomcat/webapps/docs]
03-May-2024 13:07:38.322 INFO [main] org.apache.jasper.servlet.TldScanner.scanJars At least one JAR was scanned for TLDs yet contained no TLDs. Enable debug logging for this logger for a complete list of JARs that were scanned but no TLDs were found in them. Skipping unneeded JARs during scanning can improve startup time and JSP compilation time.
03-May-2024 13:07:38.324 INFO [main] org.apache.catalina.startup.HostConfig.deployDirectory Deployment of web application directory [/home/wanglx/arch/apache-tomcat/webapps/docs] has finished in [13] ms
03-May-2024 13:07:38.327 INFO [main] org.apache.coyote.AbstractProtocol.start Starting ProtocolHandler ["http-nio-8080"]
03-May-2024 13:07:38.355 INFO [main] org.apache.catalina.startup.Catalina.start Server startup in [10589] milliseconds
03-May-2024 13:08:05.937 WARNING [http-nio-8080-exec-3] org.apache.catalina.loader.WebappClassLoaderBase.clearReferencesThreads The web application [fortress-rest-2.0.3] appears to have started a thread named [pool-2-thread-1] but has failed to stop it. This is very likely to create a memory leak. Stack trace of thread:
 sun.misc.Unsafe.park(Native Method)
 java.util.concurrent.locks.LockSupport.parkNanos(LockSupport.java:215)
 java.util.concurrent.SynchronousQueue$TransferStack.awaitFulfill(SynchronousQueue.java:460)
 java.util.concurrent.SynchronousQueue$TransferStack.transfer(SynchronousQueue.java:362)
 java.util.concurrent.SynchronousQueue.poll(SynchronousQueue.java:941)
 java.util.concurrent.ThreadPoolExecutor.getTask(ThreadPoolExecutor.java:1073)
 java.util.concurrent.ThreadPoolExecutor.runWorker(ThreadPoolExecutor.java:1134)
 java.util.concurrent.ThreadPoolExecutor$Worker.run(ThreadPoolExecutor.java:624)
 java.lang.Thread.run(Thread.java:750)
03-May-2024 13:08:05.939 WARNING [http-nio-8080-exec-3] org.apache.catalina.loader.WebappClassLoaderBase.clearReferencesThreads The web application [fortress-rest-2.0.3] appears to have started a thread named [NioProcessor-1] but has failed to stop it. This is very likely to create a memory leak. Stack trace of thread:
 sun.nio.ch.EPollArrayWrapper.epollWait(Native Method)
 sun.nio.ch.EPollArrayWrapper.poll(EPollArrayWrapper.java:269)
 sun.nio.ch.EPollSelectorImpl.doSelect(EPollSelectorImpl.java:93)
 sun.nio.ch.SelectorImpl.lockAndDoSelect(SelectorImpl.java:86)
 sun.nio.ch.SelectorImpl.select(SelectorImpl.java:97)
 org.apache.mina.transport.socket.nio.NioProcessor.select(NioProcessor.java:112)
 org.apache.mina.core.polling.AbstractPollingIoProcessor$Processor.run(AbstractPollingIoProcessor.java:616)
 org.apache.mina.util.NamePreservingRunnable.run(NamePreservingRunnable.java:64)
 java.util.concurrent.ThreadPoolExecutor.runWorker(ThreadPoolExecutor.java:1149)
 java.util.concurrent.ThreadPoolExecutor$Worker.run(ThreadPoolExecutor.java:624)
 java.lang.Thread.run(Thread.java:750)
03-May-2024 13:08:05.943 WARNING [http-nio-8080-exec-3] org.apache.catalina.loader.WebappClassLoaderBase.clearReferencesThreads The web application [fortress-rest-2.0.3] appears to have started a thread named [fortress-rest] but has failed to stop it. This is very likely to create a memory leak. Stack trace of thread:
 java.lang.Object.wait(Native Method)
 java.util.TimerThread.mainLoop(Timer.java:552)
 java.util.TimerThread.run(Timer.java:505)
03-May-2024 13:08:05.964 INFO [http-nio-8080-exec-3] org.apache.catalina.startup.HostConfig.undeploy Undeploying context [/fortress-rest-2.0.3]
03-May-2024 13:08:23.992 INFO [main] org.apache.catalina.core.StandardServer.await A valid shutdown command was received via the shutdown port. Stopping the Server instance.
03-May-2024 13:08:23.993 INFO [main] org.apache.coyote.AbstractProtocol.pause Pausing ProtocolHandler ["http-nio-8080"]
03-May-2024 13:08:23.995 INFO [main] org.apache.catalina.core.StandardService.stopInternal Stopping service [Catalina]
03-May-2024 13:08:24.063 WARNING [main] org.apache.catalina.loader.WebappClassLoaderBase.clearReferencesThreads The web application [fortress-web] appears to have started a thread named [pool-4-thread-1] but has failed to stop it. This is very likely to create a memory leak. Stack trace of thread:
 sun.misc.Unsafe.park(Native Method)
 java.util.concurrent.locks.LockSupport.parkNanos(LockSupport.java:215)
 java.util.concurrent.SynchronousQueue$TransferStack.awaitFulfill(SynchronousQueue.java:460)
 java.util.concurrent.SynchronousQueue$TransferStack.transfer(SynchronousQueue.java:362)
 java.util.concurrent.SynchronousQueue.poll(SynchronousQueue.java:941)
 java.util.concurrent.ThreadPoolExecutor.getTask(ThreadPoolExecutor.java:1073)
 java.util.concurrent.ThreadPoolExecutor.runWorker(ThreadPoolExecutor.java:1134)
 java.util.concurrent.ThreadPoolExecutor$Worker.run(ThreadPoolExecutor.java:624)
 java.lang.Thread.run(Thread.java:750)
03-May-2024 13:08:24.064 WARNING [main] org.apache.catalina.loader.WebappClassLoaderBase.clearReferencesThreads The web application [fortress-web] appears to have started a thread named [NioProcessor-1] but has failed to stop it. This is very likely to create a memory leak. Stack trace of thread:
 sun.nio.ch.EPollArrayWrapper.epollWait(Native Method)
 sun.nio.ch.EPollArrayWrapper.poll(EPollArrayWrapper.java:269)
 sun.nio.ch.EPollSelectorImpl.doSelect(EPollSelectorImpl.java:93)
 sun.nio.ch.SelectorImpl.lockAndDoSelect(SelectorImpl.java:86)
 sun.nio.ch.SelectorImpl.select(SelectorImpl.java:97)
 org.apache.mina.transport.socket.nio.NioProcessor.select(NioProcessor.java:112)
 org.apache.mina.core.polling.AbstractPollingIoProcessor$Processor.run(AbstractPollingIoProcessor.java:616)
 org.apache.mina.util.NamePreservingRunnable.run(NamePreservingRunnable.java:64)
 java.util.concurrent.ThreadPoolExecutor.runWorker(ThreadPoolExecutor.java:1149)
 java.util.concurrent.ThreadPoolExecutor$Worker.run(ThreadPoolExecutor.java:624)
 java.lang.Thread.run(Thread.java:750)
03-May-2024 13:08:24.066 WARNING [main] org.apache.catalina.loader.WebappClassLoaderBase.clearReferencesThreads The web application [fortress-web] appears to have started a thread named [fortress-commander] but has failed to stop it. This is very likely to create a memory leak. Stack trace of thread:
 java.lang.Object.wait(Native Method)
 java.util.TimerThread.mainLoop(Timer.java:552)
 java.util.TimerThread.run(Timer.java:505)
03-May-2024 13:08:24.075 INFO [main] org.apache.coyote.AbstractProtocol.stop Stopping ProtocolHandler ["http-nio-8080"]
03-May-2024 13:08:24.085 INFO [main] org.apache.coyote.AbstractProtocol.destroy Destroying ProtocolHandler ["http-nio-8080"]
03-May-2024 13:08:32.057 INFO [main] org.apache.catalina.startup.VersionLoggerListener.log Server version name:   Apache Tomcat/9.0.88
03-May-2024 13:08:32.059 INFO [main] org.apache.catalina.startup.VersionLoggerListener.log Server built:          Apr 9 2024 13:22:30 UTC
03-May-2024 13:08:32.059 INFO [main] org.apache.catalina.startup.VersionLoggerListener.log Server version number: 9.0.88.0
03-May-2024 13:08:32.059 INFO [main] org.apache.catalina.startup.VersionLoggerListener.log OS Name:               Linux
03-May-2024 13:08:32.059 INFO [main] org.apache.catalina.startup.VersionLoggerListener.log OS Version:            5.4.0-177-generic
03-May-2024 13:08:32.059 INFO [main] org.apache.catalina.startup.VersionLoggerListener.log Architecture:          amd64
03-May-2024 13:08:32.059 INFO [main] org.apache.catalina.startup.VersionLoggerListener.log Java Home:             /usr/lib/jvm/java-8-openjdk-amd64/jre
03-May-2024 13:08:32.060 INFO [main] org.apache.catalina.startup.VersionLoggerListener.log JVM Version:           1.8.0_402-8u402-ga-2ubuntu1~20.04-b06
03-May-2024 13:08:32.060 INFO [main] org.apache.catalina.startup.VersionLoggerListener.log JVM Vendor:            Private Build
03-May-2024 13:08:32.060 INFO [main] org.apache.catalina.startup.VersionLoggerListener.log CATALINA_BASE:         /home/wanglx/arch/apache-tomcat
03-May-2024 13:08:32.060 INFO [main] org.apache.catalina.startup.VersionLoggerListener.log CATALINA_HOME:         /home/wanglx/arch/apache-tomcat
03-May-2024 13:08:32.061 INFO [main] org.apache.catalina.startup.VersionLoggerListener.log Command line argument: -Djava.util.logging.config.file=/home/wanglx/arch/apache-tomcat/conf/logging.properties
03-May-2024 13:08:32.062 INFO [main] org.apache.catalina.startup.VersionLoggerListener.log Command line argument: -Djava.util.logging.manager=org.apache.juli.ClassLoaderLogManager
03-May-2024 13:08:32.062 INFO [main] org.apache.catalina.startup.VersionLoggerListener.log Command line argument: -Djdk.tls.ephemeralDHKeySize=2048
03-May-2024 13:08:32.062 INFO [main] org.apache.catalina.startup.VersionLoggerListener.log Command line argument: -Djava.protocol.handler.pkgs=org.apache.catalina.webresources
03-May-2024 13:08:32.062 INFO [main] org.apache.catalina.startup.VersionLoggerListener.log Command line argument: -Dorg.apache.catalina.security.SecurityListener.UMASK=0027
03-May-2024 13:08:32.062 INFO [main] org.apache.catalina.startup.VersionLoggerListener.log Command line argument: -Dfortress.admin.user=uid=admin,ou=system
03-May-2024 13:08:32.062 INFO [main] org.apache.catalina.startup.VersionLoggerListener.log Command line argument: -Dfortress.admin.pw=secret
03-May-2024 13:08:32.062 INFO [main] org.apache.catalina.startup.VersionLoggerListener.log Command line argument: -Dfortress.config.root=ou=Config,dc=example,dc=com
03-May-2024 13:08:32.062 INFO [main] org.apache.catalina.startup.VersionLoggerListener.log Command line argument: -Dfortress.port=10389
03-May-2024 13:08:32.062 INFO [main] org.apache.catalina.startup.VersionLoggerListener.log Command line argument: -Dignore.endorsed.dirs=
03-May-2024 13:08:32.062 INFO [main] org.apache.catalina.startup.VersionLoggerListener.log Command line argument: -Dcatalina.base=/home/wanglx/arch/apache-tomcat
03-May-2024 13:08:32.063 INFO [main] org.apache.catalina.startup.VersionLoggerListener.log Command line argument: -Dcatalina.home=/home/wanglx/arch/apache-tomcat
03-May-2024 13:08:32.063 INFO [main] org.apache.catalina.startup.VersionLoggerListener.log Command line argument: -Djava.io.tmpdir=/home/wanglx/arch/apache-tomcat/temp
03-May-2024 13:08:32.064 INFO [main] org.apache.catalina.core.AprLifecycleListener.lifecycleEvent The Apache Tomcat Native library which allows using OpenSSL was not found on the java.library.path: [/usr/java/packages/lib/amd64:/usr/lib/x86_64-linux-gnu/jni:/lib/x86_64-linux-gnu:/usr/lib/x86_64-linux-gnu:/usr/lib/jni:/lib:/usr/lib]
03-May-2024 13:08:32.401 INFO [main] org.apache.coyote.AbstractProtocol.init Initializing ProtocolHandler ["http-nio-8080"]
03-May-2024 13:08:32.428 INFO [main] org.apache.catalina.startup.Catalina.load Server initialization in [565] milliseconds
03-May-2024 13:08:32.469 INFO [main] org.apache.catalina.core.StandardService.startInternal Starting service [Catalina]
03-May-2024 13:08:32.469 INFO [main] org.apache.catalina.core.StandardEngine.startInternal Starting Servlet engine: [Apache Tomcat/9.0.88]
03-May-2024 13:08:32.495 INFO [main] org.apache.catalina.startup.HostConfig.deployWAR Deploying web application archive [/home/wanglx/arch/apache-tomcat/webapps/fortress-web.war]
03-May-2024 13:08:32.508 INFO [main] org.apache.directory.fortress.realm.tomcat.Tc7AccessMgrProxy.setDefaultRoles org.apache.directory.fortress.realm.tomcat.Tc7AccessMgrProxy.setDefaultRoles <>
03-May-2024 13:08:32.508 INFO [main] org.apache.directory.fortress.realm.tomcat.Tc7AccessMgrProxy.setContainerType org.apache.directory.fortress.realm.tomcat.Tc7AccessMgrProxy.setContainerType <TomcatContext>
03-May-2024 13:08:32.508 INFO [main] org.apache.directory.fortress.realm.tomcat.Tc7AccessMgrProxy.setRealmClasspath org.apache.directory.fortress.realm.tomcat.Tc7AccessMgrProxy.setRealmClasspath <>
03-May-2024 13:08:32.508 INFO [main] org.apache.directory.fortress.realm.tomcat.Tc7AccessMgrProxy.setContextId org.apache.directory.fortress.realm.tomcat.Tc7AccessMgrProxy.setContextId <HOME>
03-May-2024 13:08:32.636 INFO [main] org.apache.directory.fortress.realm.tomcat.Tc7AccessMgrProxy.initialize org.apache.directory.fortress.realm.tomcat.Tc7AccessMgrProxy.initialize Tomcat7 Context-based policy agent
03-May-2024 13:08:32.637 INFO [main] org.apache.directory.fortress.realm.tomcat.Tc7AccessMgrProxy.initialize org.apache.directory.fortress.realm.tomcat.Tc7AccessMgrProxy.initialize - instantiate policy agent name: org.apache.directory.fortress.realm.tomcat.TcAccessMgrImpl
03-May-2024 13:08:33.629 INFO [main] org.apache.directory.fortress.realm.tomcat.Tc7AccessMgrProxy.initialize org.apache.directory.fortress.realm.tomcat.Tc7AccessMgrProxy J2EE Tomcat7 policy agent, contextId: HOME, defaultRoles: 
03-May-2024 13:08:36.617 INFO [main] org.apache.jasper.servlet.TldScanner.scanJars At least one JAR was scanned for TLDs yet contained no TLDs. Enable debug logging for this logger for a complete list of JARs that were scanned but no TLDs were found in them. Skipping unneeded JARs during scanning can improve startup time and JSP compilation time.
03-May-2024 13:08:37.603 INFO [main] org.apache.catalina.startup.HostConfig.deployWAR Deployment of web application archive [/home/wanglx/arch/apache-tomcat/webapps/fortress-web.war] has finished in [5,107] ms
03-May-2024 13:08:37.604 INFO [main] org.apache.catalina.startup.HostConfig.deployDirectory Deploying web application directory [/home/wanglx/arch/apache-tomcat/webapps/manager]
03-May-2024 13:08:37.633 INFO [main] org.apache.jasper.servlet.TldScanner.scanJars At least one JAR was scanned for TLDs yet contained no TLDs. Enable debug logging for this logger for a complete list of JARs that were scanned but no TLDs were found in them. Skipping unneeded JARs during scanning can improve startup time and JSP compilation time.
03-May-2024 13:08:37.644 INFO [main] org.apache.catalina.startup.HostConfig.deployDirectory Deployment of web application directory [/home/wanglx/arch/apache-tomcat/webapps/manager] has finished in [40] ms
03-May-2024 13:08:37.644 INFO [main] org.apache.catalina.startup.HostConfig.deployDirectory Deploying web application directory [/home/wanglx/arch/apache-tomcat/webapps/ROOT]
03-May-2024 13:08:37.660 INFO [main] org.apache.jasper.servlet.TldScanner.scanJars At least one JAR was scanned for TLDs yet contained no TLDs. Enable debug logging for this logger for a complete list of JARs that were scanned but no TLDs were found in them. Skipping unneeded JARs during scanning can improve startup time and JSP compilation time.
03-May-2024 13:08:37.661 INFO [main] org.apache.catalina.startup.HostConfig.deployDirectory Deployment of web application directory [/home/wanglx/arch/apache-tomcat/webapps/ROOT] has finished in [17] ms
03-May-2024 13:08:37.661 INFO [main] org.apache.catalina.startup.HostConfig.deployDirectory Deploying web application directory [/home/wanglx/arch/apache-tomcat/webapps/docs]
03-May-2024 13:08:37.675 INFO [main] org.apache.jasper.servlet.TldScanner.scanJars At least one JAR was scanned for TLDs yet contained no TLDs. Enable debug logging for this logger for a complete list of JARs that were scanned but no TLDs were found in them. Skipping unneeded JARs during scanning can improve startup time and JSP compilation time.
03-May-2024 13:08:37.677 INFO [main] org.apache.catalina.startup.HostConfig.deployDirectory Deployment of web application directory [/home/wanglx/arch/apache-tomcat/webapps/docs] has finished in [16] ms
03-May-2024 13:08:37.681 INFO [main] org.apache.coyote.AbstractProtocol.start Starting ProtocolHandler ["http-nio-8080"]
03-May-2024 13:08:37.713 INFO [main] org.apache.catalina.startup.Catalina.start Server startup in [5285] milliseconds
03-May-2024 13:15:20.176 INFO [http-nio-8080-exec-8] org.apache.catalina.startup.HostConfig.undeploy Undeploying context [/fortress-web]
03-May-2024 13:15:20.232 WARNING [http-nio-8080-exec-8] org.apache.catalina.loader.WebappClassLoaderBase.clearReferencesThreads The web application [fortress-web] appears to have started a thread named [NioProcessor-1] but has failed to stop it. This is very likely to create a memory leak. Stack trace of thread:
 sun.nio.ch.EPollArrayWrapper.epollWait(Native Method)
 sun.nio.ch.EPollArrayWrapper.poll(EPollArrayWrapper.java:269)
 sun.nio.ch.EPollSelectorImpl.doSelect(EPollSelectorImpl.java:93)
 sun.nio.ch.SelectorImpl.lockAndDoSelect(SelectorImpl.java:86)
 sun.nio.ch.SelectorImpl.select(SelectorImpl.java:97)
 org.apache.mina.transport.socket.nio.NioProcessor.select(NioProcessor.java:112)
 org.apache.mina.core.polling.AbstractPollingIoProcessor$Processor.run(AbstractPollingIoProcessor.java:616)
 org.apache.mina.util.NamePreservingRunnable.run(NamePreservingRunnable.java:64)
 java.util.concurrent.ThreadPoolExecutor.runWorker(ThreadPoolExecutor.java:1149)
 java.util.concurrent.ThreadPoolExecutor$Worker.run(ThreadPoolExecutor.java:624)
 java.lang.Thread.run(Thread.java:750)
03-May-2024 13:15:20.235 WARNING [http-nio-8080-exec-8] org.apache.catalina.loader.WebappClassLoaderBase.clearReferencesThreads The web application [fortress-web] appears to have started a thread named [fortress-commander] but has failed to stop it. This is very likely to create a memory leak. Stack trace of thread:
 java.lang.Object.wait(Native Method)
 java.util.TimerThread.mainLoop(Timer.java:552)
 java.util.TimerThread.run(Timer.java:505)
03-May-2024 13:15:20.267 INFO [http-nio-8080-exec-8] org.apache.catalina.startup.HostConfig.deployWAR Deploying web application archive [/home/wanglx/arch/apache-tomcat/webapps/fortress-web.war]
03-May-2024 13:15:20.269 INFO [http-nio-8080-exec-8] org.apache.directory.fortress.realm.tomcat.Tc7AccessMgrProxy.setDefaultRoles org.apache.directory.fortress.realm.tomcat.Tc7AccessMgrProxy.setDefaultRoles <>
03-May-2024 13:15:20.269 INFO [http-nio-8080-exec-8] org.apache.directory.fortress.realm.tomcat.Tc7AccessMgrProxy.setContainerType org.apache.directory.fortress.realm.tomcat.Tc7AccessMgrProxy.setContainerType <TomcatContext>
03-May-2024 13:15:20.269 INFO [http-nio-8080-exec-8] org.apache.directory.fortress.realm.tomcat.Tc7AccessMgrProxy.setRealmClasspath org.apache.directory.fortress.realm.tomcat.Tc7AccessMgrProxy.setRealmClasspath <>
03-May-2024 13:15:20.269 INFO [http-nio-8080-exec-8] org.apache.directory.fortress.realm.tomcat.Tc7AccessMgrProxy.setContextId org.apache.directory.fortress.realm.tomcat.Tc7AccessMgrProxy.setContextId <HOME>
03-May-2024 13:15:20.527 INFO [http-nio-8080-exec-8] org.apache.directory.fortress.realm.tomcat.Tc7AccessMgrProxy.initialize org.apache.directory.fortress.realm.tomcat.Tc7AccessMgrProxy.initialize Tomcat7 Context-based policy agent
03-May-2024 13:15:20.527 INFO [http-nio-8080-exec-8] org.apache.directory.fortress.realm.tomcat.Tc7AccessMgrProxy.initialize org.apache.directory.fortress.realm.tomcat.Tc7AccessMgrProxy.initialize - instantiate policy agent name: org.apache.directory.fortress.realm.tomcat.TcAccessMgrImpl
03-May-2024 13:15:20.949 INFO [http-nio-8080-exec-8] org.apache.directory.fortress.realm.tomcat.Tc7AccessMgrProxy.initialize org.apache.directory.fortress.realm.tomcat.Tc7AccessMgrProxy J2EE Tomcat7 policy agent, contextId: HOME, defaultRoles: 
03-May-2024 13:15:22.080 INFO [http-nio-8080-exec-8] org.apache.jasper.servlet.TldScanner.scanJars At least one JAR was scanned for TLDs yet contained no TLDs. Enable debug logging for this logger for a complete list of JARs that were scanned but no TLDs were found in them. Skipping unneeded JARs during scanning can improve startup time and JSP compilation time.
03-May-2024 13:15:22.533 INFO [http-nio-8080-exec-8] org.apache.catalina.startup.HostConfig.deployWAR Deployment of web application archive [/home/wanglx/arch/apache-tomcat/webapps/fortress-web.war] has finished in [2,266] ms
03-May-2024 13:18:23.728 INFO [Thread-4] org.apache.coyote.AbstractProtocol.pause Pausing ProtocolHandler ["http-nio-8080"]
03-May-2024 13:18:23.738 INFO [Thread-4] org.apache.catalina.core.StandardService.stopInternal Stopping service [Catalina]
03-May-2024 13:18:24.079 WARNING [Thread-4] org.apache.catalina.loader.WebappClassLoaderBase.clearReferencesThreads The web application [fortress-web] appears to have started a thread named [NioProcessor-1] but has failed to stop it. This is very likely to create a memory leak. Stack trace of thread:
 sun.nio.ch.EPollArrayWrapper.epollWait(Native Method)
 sun.nio.ch.EPollArrayWrapper.poll(EPollArrayWrapper.java:269)
 sun.nio.ch.EPollSelectorImpl.doSelect(EPollSelectorImpl.java:93)
 sun.nio.ch.SelectorImpl.lockAndDoSelect(SelectorImpl.java:86)
 sun.nio.ch.SelectorImpl.select(SelectorImpl.java:97)
 org.apache.mina.transport.socket.nio.NioProcessor.select(NioProcessor.java:112)
 org.apache.mina.core.polling.AbstractPollingIoProcessor$Processor.run(AbstractPollingIoProcessor.java:616)
 org.apache.mina.util.NamePreservingRunnable.run(NamePreservingRunnable.java:64)
 java.util.concurrent.ThreadPoolExecutor.runWorker(ThreadPoolExecutor.java:1149)
 java.util.concurrent.ThreadPoolExecutor$Worker.run(ThreadPoolExecutor.java:624)
 java.lang.Thread.run(Thread.java:750)
03-May-2024 13:18:24.080 WARNING [Thread-4] org.apache.catalina.loader.WebappClassLoaderBase.clearReferencesThreads The web application [fortress-web] appears to have started a thread named [fortress-commander] but has failed to stop it. This is very likely to create a memory leak. Stack trace of thread:
 java.lang.Object.wait(Native Method)
 java.util.TimerThread.mainLoop(Timer.java:552)
 java.util.TimerThread.run(Timer.java:505)
03-May-2024 13:18:24.089 WARNING [Thread-4] org.apache.catalina.loader.WebappClassLoaderBase.clearReferencesThreads The web application [fortress-web] appears to have started a thread named [NioProcessor-2] but has failed to stop it. This is very likely to create a memory leak. Stack trace of thread:
 sun.nio.ch.EPollArrayWrapper.epollWait(Native Method)
 sun.nio.ch.EPollArrayWrapper.poll(EPollArrayWrapper.java:269)
 sun.nio.ch.EPollSelectorImpl.doSelect(EPollSelectorImpl.java:93)
 sun.nio.ch.SelectorImpl.lockAndDoSelect(SelectorImpl.java:86)
 sun.nio.ch.SelectorImpl.select(SelectorImpl.java:97)
 org.apache.mina.transport.socket.nio.NioProcessor.select(NioProcessor.java:112)
 org.apache.mina.core.polling.AbstractPollingIoProcessor$Processor.run(AbstractPollingIoProcessor.java:616)
 org.apache.mina.util.NamePreservingRunnable.run(NamePreservingRunnable.java:64)
 java.util.concurrent.ThreadPoolExecutor.runWorker(ThreadPoolExecutor.java:1149)
 java.util.concurrent.ThreadPoolExecutor$Worker.run(ThreadPoolExecutor.java:624)
 java.lang.Thread.run(Thread.java:750)
03-May-2024 13:18:24.090 WARNING [Thread-4] org.apache.catalina.loader.WebappClassLoaderBase.clearReferencesThreads The web application [fortress-web] appears to have started a thread named [pool-8-thread-1] but has failed to stop it. This is very likely to create a memory leak. Stack trace of thread:
 sun.misc.Unsafe.park(Native Method)
 java.util.concurrent.locks.LockSupport.parkNanos(LockSupport.java:215)
 java.util.concurrent.SynchronousQueue$TransferStack.awaitFulfill(SynchronousQueue.java:460)
 java.util.concurrent.SynchronousQueue$TransferStack.transfer(SynchronousQueue.java:362)
 java.util.concurrent.SynchronousQueue.poll(SynchronousQueue.java:941)
 java.util.concurrent.ThreadPoolExecutor.getTask(ThreadPoolExecutor.java:1073)
 java.util.concurrent.ThreadPoolExecutor.runWorker(ThreadPoolExecutor.java:1134)
 java.util.concurrent.ThreadPoolExecutor$Worker.run(ThreadPoolExecutor.java:624)
 java.lang.Thread.run(Thread.java:750)
03-May-2024 13:18:24.090 WARNING [Thread-4] org.apache.catalina.loader.WebappClassLoaderBase.clearReferencesThreads The web application [fortress-web] appears to have started a thread named [NioProcessor-3] but has failed to stop it. This is very likely to create a memory leak. Stack trace of thread:
 sun.nio.ch.EPollArrayWrapper.epollWait(Native Method)
 sun.nio.ch.EPollArrayWrapper.poll(EPollArrayWrapper.java:269)
 sun.nio.ch.EPollSelectorImpl.doSelect(EPollSelectorImpl.java:93)
 sun.nio.ch.SelectorImpl.lockAndDoSelect(SelectorImpl.java:86)
 sun.nio.ch.SelectorImpl.select(SelectorImpl.java:97)
 org.apache.mina.transport.socket.nio.NioProcessor.select(NioProcessor.java:112)
 org.apache.mina.core.polling.AbstractPollingIoProcessor$Processor.run(AbstractPollingIoProcessor.java:616)
 org.apache.mina.util.NamePreservingRunnable.run(NamePreservingRunnable.java:64)
 java.util.concurrent.ThreadPoolExecutor.runWorker(ThreadPoolExecutor.java:1149)
 java.util.concurrent.ThreadPoolExecutor$Worker.run(ThreadPoolExecutor.java:624)
 java.lang.Thread.run(Thread.java:750)
03-May-2024 13:18:24.208 INFO [Thread-4] org.apache.coyote.AbstractProtocol.stop Stopping ProtocolHandler ["http-nio-8080"]
03-May-2024 13:18:24.291 INFO [Thread-4] org.apache.coyote.AbstractProtocol.destroy Destroying ProtocolHandler ["http-nio-8080"]
03-May-2024 14:16:09.969 INFO [main] org.apache.catalina.startup.VersionLoggerListener.log Server version name:   Apache Tomcat/9.0.88
03-May-2024 14:16:09.972 INFO [main] org.apache.catalina.startup.VersionLoggerListener.log Server built:          Apr 9 2024 13:22:30 UTC
03-May-2024 14:16:09.972 INFO [main] org.apache.catalina.startup.VersionLoggerListener.log Server version number: 9.0.88.0
03-May-2024 14:16:09.972 INFO [main] org.apache.catalina.startup.VersionLoggerListener.log OS Name:               Linux
03-May-2024 14:16:09.972 INFO [main] org.apache.catalina.startup.VersionLoggerListener.log OS Version:            5.4.0-177-generic
03-May-2024 14:16:09.973 INFO [main] org.apache.catalina.startup.VersionLoggerListener.log Architecture:          amd64
03-May-2024 14:16:09.973 INFO [main] org.apache.catalina.startup.VersionLoggerListener.log Java Home:             /usr/lib/jvm/java-8-openjdk-amd64/jre
03-May-2024 14:16:09.973 INFO [main] org.apache.catalina.startup.VersionLoggerListener.log JVM Version:           1.8.0_402-8u402-ga-2ubuntu1~20.04-b06
03-May-2024 14:16:09.973 INFO [main] org.apache.catalina.startup.VersionLoggerListener.log JVM Vendor:            Private Build
03-May-2024 14:16:09.973 INFO [main] org.apache.catalina.startup.VersionLoggerListener.log CATALINA_BASE:         /home/wanglx/arch/apache-tomcat
03-May-2024 14:16:09.973 INFO [main] org.apache.catalina.startup.VersionLoggerListener.log CATALINA_HOME:         /home/wanglx/arch/apache-tomcat
03-May-2024 14:16:09.977 INFO [main] org.apache.catalina.startup.VersionLoggerListener.log Command line argument: -Djava.util.logging.config.file=/home/wanglx/arch/apache-tomcat/conf/logging.properties
03-May-2024 14:16:09.977 INFO [main] org.apache.catalina.startup.VersionLoggerListener.log Command line argument: -Djava.util.logging.manager=org.apache.juli.ClassLoaderLogManager
03-May-2024 14:16:09.977 INFO [main] org.apache.catalina.startup.VersionLoggerListener.log Command line argument: -Djdk.tls.ephemeralDHKeySize=2048
03-May-2024 14:16:09.977 INFO [main] org.apache.catalina.startup.VersionLoggerListener.log Command line argument: -Djava.protocol.handler.pkgs=org.apache.catalina.webresources
03-May-2024 14:16:09.978 INFO [main] org.apache.catalina.startup.VersionLoggerListener.log Command line argument: -Dorg.apache.catalina.security.SecurityListener.UMASK=0027
03-May-2024 14:16:09.978 INFO [main] org.apache.catalina.startup.VersionLoggerListener.log Command line argument: -Dfortress.admin.user=uid=admin,ou=system
03-May-2024 14:16:09.978 INFO [main] org.apache.catalina.startup.VersionLoggerListener.log Command line argument: -Dfortress.admin.pw=secret
03-May-2024 14:16:09.978 INFO [main] org.apache.catalina.startup.VersionLoggerListener.log Command line argument: -Dfortress.config.root=ou=Config,dc=example,dc=com
03-May-2024 14:16:09.978 INFO [main] org.apache.catalina.startup.VersionLoggerListener.log Command line argument: -Dfortress.port=10389
03-May-2024 14:16:09.978 INFO [main] org.apache.catalina.startup.VersionLoggerListener.log Command line argument: -Dignore.endorsed.dirs=
03-May-2024 14:16:09.978 INFO [main] org.apache.catalina.startup.VersionLoggerListener.log Command line argument: -Dcatalina.base=/home/wanglx/arch/apache-tomcat
03-May-2024 14:16:09.979 INFO [main] org.apache.catalina.startup.VersionLoggerListener.log Command line argument: -Dcatalina.home=/home/wanglx/arch/apache-tomcat
03-May-2024 14:16:09.979 INFO [main] org.apache.catalina.startup.VersionLoggerListener.log Command line argument: -Djava.io.tmpdir=/home/wanglx/arch/apache-tomcat/temp
03-May-2024 14:16:09.981 INFO [main] org.apache.catalina.core.AprLifecycleListener.lifecycleEvent The Apache Tomcat Native library which allows using OpenSSL was not found on the java.library.path: [/usr/java/packages/lib/amd64:/usr/lib/x86_64-linux-gnu/jni:/lib/x86_64-linux-gnu:/usr/lib/x86_64-linux-gnu:/usr/lib/jni:/lib:/usr/lib]
03-May-2024 14:16:10.380 INFO [main] org.apache.coyote.AbstractProtocol.init Initializing ProtocolHandler ["http-nio-8080"]
03-May-2024 14:16:10.409 INFO [main] org.apache.catalina.startup.Catalina.load Server initialization in [693] milliseconds
03-May-2024 14:16:10.462 INFO [main] org.apache.catalina.core.StandardService.startInternal Starting service [Catalina]
03-May-2024 14:16:10.462 INFO [main] org.apache.catalina.core.StandardEngine.startInternal Starting Servlet engine: [Apache Tomcat/9.0.88]
03-May-2024 14:16:10.491 INFO [main] org.apache.catalina.startup.HostConfig.deployWAR Deploying web application archive [/home/wanglx/arch/apache-tomcat/webapps/fortress-web.war]
03-May-2024 14:16:10.505 INFO [main] org.apache.directory.fortress.realm.tomcat.Tc7AccessMgrProxy.setDefaultRoles org.apache.directory.fortress.realm.tomcat.Tc7AccessMgrProxy.setDefaultRoles <>
03-May-2024 14:16:10.506 INFO [main] org.apache.directory.fortress.realm.tomcat.Tc7AccessMgrProxy.setContainerType org.apache.directory.fortress.realm.tomcat.Tc7AccessMgrProxy.setContainerType <TomcatContext>
03-May-2024 14:16:10.506 INFO [main] org.apache.directory.fortress.realm.tomcat.Tc7AccessMgrProxy.setRealmClasspath org.apache.directory.fortress.realm.tomcat.Tc7AccessMgrProxy.setRealmClasspath <>
03-May-2024 14:16:10.506 INFO [main] org.apache.directory.fortress.realm.tomcat.Tc7AccessMgrProxy.setContextId org.apache.directory.fortress.realm.tomcat.Tc7AccessMgrProxy.setContextId <HOME>
03-May-2024 14:16:10.672 INFO [main] org.apache.directory.fortress.realm.tomcat.Tc7AccessMgrProxy.initialize org.apache.directory.fortress.realm.tomcat.Tc7AccessMgrProxy.initialize Tomcat7 Context-based policy agent
03-May-2024 14:16:10.672 INFO [main] org.apache.directory.fortress.realm.tomcat.Tc7AccessMgrProxy.initialize org.apache.directory.fortress.realm.tomcat.Tc7AccessMgrProxy.initialize - instantiate policy agent name: org.apache.directory.fortress.realm.tomcat.TcAccessMgrImpl
03-May-2024 14:16:11.434 INFO [main] org.apache.directory.fortress.realm.tomcat.Tc7AccessMgrProxy.initialize org.apache.directory.fortress.realm.tomcat.Tc7AccessMgrProxy J2EE Tomcat7 policy agent, contextId: HOME, defaultRoles: 
03-May-2024 14:16:13.581 INFO [main] org.apache.jasper.servlet.TldScanner.scanJars At least one JAR was scanned for TLDs yet contained no TLDs. Enable debug logging for this logger for a complete list of JARs that were scanned but no TLDs were found in them. Skipping unneeded JARs during scanning can improve startup time and JSP compilation time.
03-May-2024 14:16:14.932 INFO [main] org.apache.catalina.startup.HostConfig.deployWAR Deployment of web application archive [/home/wanglx/arch/apache-tomcat/webapps/fortress-web.war] has finished in [4,441] ms
03-May-2024 14:16:14.933 INFO [main] org.apache.catalina.startup.HostConfig.deployDirectory Deploying web application directory [/home/wanglx/arch/apache-tomcat/webapps/manager]
03-May-2024 14:16:14.962 INFO [main] org.apache.jasper.servlet.TldScanner.scanJars At least one JAR was scanned for TLDs yet contained no TLDs. Enable debug logging for this logger for a complete list of JARs that were scanned but no TLDs were found in them. Skipping unneeded JARs during scanning can improve startup time and JSP compilation time.
03-May-2024 14:16:14.970 INFO [main] org.apache.catalina.startup.HostConfig.deployDirectory Deployment of web application directory [/home/wanglx/arch/apache-tomcat/webapps/manager] has finished in [37] ms
03-May-2024 14:16:14.971 INFO [main] org.apache.catalina.startup.HostConfig.deployDirectory Deploying web application directory [/home/wanglx/arch/apache-tomcat/webapps/ROOT]
03-May-2024 14:16:14.986 INFO [main] org.apache.jasper.servlet.TldScanner.scanJars At least one JAR was scanned for TLDs yet contained no TLDs. Enable debug logging for this logger for a complete list of JARs that were scanned but no TLDs were found in them. Skipping unneeded JARs during scanning can improve startup time and JSP compilation time.
03-May-2024 14:16:14.988 INFO [main] org.apache.catalina.startup.HostConfig.deployDirectory Deployment of web application directory [/home/wanglx/arch/apache-tomcat/webapps/ROOT] has finished in [18] ms
03-May-2024 14:16:14.988 INFO [main] org.apache.catalina.startup.HostConfig.deployDirectory Deploying web application directory [/home/wanglx/arch/apache-tomcat/webapps/docs]
03-May-2024 14:16:15.002 INFO [main] org.apache.jasper.servlet.TldScanner.scanJars At least one JAR was scanned for TLDs yet contained no TLDs. Enable debug logging for this logger for a complete list of JARs that were scanned but no TLDs were found in them. Skipping unneeded JARs during scanning can improve startup time and JSP compilation time.
03-May-2024 14:16:15.004 INFO [main] org.apache.catalina.startup.HostConfig.deployDirectory Deployment of web application directory [/home/wanglx/arch/apache-tomcat/webapps/docs] has finished in [15] ms
03-May-2024 14:16:15.007 INFO [main] org.apache.coyote.AbstractProtocol.start Starting ProtocolHandler ["http-nio-8080"]
03-May-2024 14:16:15.027 INFO [main] org.apache.catalina.startup.Catalina.start Server startup in [4617] milliseconds
03-May-2024 14:16:51.458 INFO [http-nio-8080-exec-1] org.apache.catalina.startup.HostConfig.undeploy Undeploying context [/fortress-web]
03-May-2024 14:16:51.548 WARNING [http-nio-8080-exec-1] org.apache.catalina.loader.WebappClassLoaderBase.clearReferencesThreads The web application [fortress-web] appears to have started a thread named [pool-2-thread-1] but has failed to stop it. This is very likely to create a memory leak. Stack trace of thread:
 sun.misc.Unsafe.park(Native Method)
 java.util.concurrent.locks.LockSupport.parkNanos(LockSupport.java:215)
 java.util.concurrent.SynchronousQueue$TransferStack.awaitFulfill(SynchronousQueue.java:460)
 java.util.concurrent.SynchronousQueue$TransferStack.transfer(SynchronousQueue.java:362)
 java.util.concurrent.SynchronousQueue.poll(SynchronousQueue.java:941)
 java.util.concurrent.ThreadPoolExecutor.getTask(ThreadPoolExecutor.java:1073)
 java.util.concurrent.ThreadPoolExecutor.runWorker(ThreadPoolExecutor.java:1134)
 java.util.concurrent.ThreadPoolExecutor$Worker.run(ThreadPoolExecutor.java:624)
 java.lang.Thread.run(Thread.java:750)
03-May-2024 14:16:51.552 WARNING [http-nio-8080-exec-1] org.apache.catalina.loader.WebappClassLoaderBase.clearReferencesThreads The web application [fortress-web] appears to have started a thread named [NioProcessor-1] but has failed to stop it. This is very likely to create a memory leak. Stack trace of thread:
 sun.nio.ch.EPollArrayWrapper.epollWait(Native Method)
 sun.nio.ch.EPollArrayWrapper.poll(EPollArrayWrapper.java:269)
 sun.nio.ch.EPollSelectorImpl.doSelect(EPollSelectorImpl.java:93)
 sun.nio.ch.SelectorImpl.lockAndDoSelect(SelectorImpl.java:86)
 sun.nio.ch.SelectorImpl.select(SelectorImpl.java:97)
 org.apache.mina.transport.socket.nio.NioProcessor.select(NioProcessor.java:112)
 org.apache.mina.core.polling.AbstractPollingIoProcessor$Processor.run(AbstractPollingIoProcessor.java:616)
 org.apache.mina.util.NamePreservingRunnable.run(NamePreservingRunnable.java:64)
 java.util.concurrent.ThreadPoolExecutor.runWorker(ThreadPoolExecutor.java:1149)
 java.util.concurrent.ThreadPoolExecutor$Worker.run(ThreadPoolExecutor.java:624)
 java.lang.Thread.run(Thread.java:750)
03-May-2024 14:16:51.553 WARNING [http-nio-8080-exec-1] org.apache.catalina.loader.WebappClassLoaderBase.clearReferencesThreads The web application [fortress-web] appears to have started a thread named [fortress-commander] but has failed to stop it. This is very likely to create a memory leak. Stack trace of thread:
 java.lang.Object.wait(Native Method)
 java.util.TimerThread.mainLoop(Timer.java:552)
 java.util.TimerThread.run(Timer.java:505)
03-May-2024 14:16:51.587 INFO [http-nio-8080-exec-1] org.apache.catalina.startup.HostConfig.deployWAR Deploying web application archive [/home/wanglx/arch/apache-tomcat/webapps/fortress-web.war]
03-May-2024 14:16:51.589 INFO [http-nio-8080-exec-1] org.apache.directory.fortress.realm.tomcat.Tc7AccessMgrProxy.setDefaultRoles org.apache.directory.fortress.realm.tomcat.Tc7AccessMgrProxy.setDefaultRoles <>
03-May-2024 14:16:51.590 INFO [http-nio-8080-exec-1] org.apache.directory.fortress.realm.tomcat.Tc7AccessMgrProxy.setContainerType org.apache.directory.fortress.realm.tomcat.Tc7AccessMgrProxy.setContainerType <TomcatContext>
03-May-2024 14:16:51.590 INFO [http-nio-8080-exec-1] org.apache.directory.fortress.realm.tomcat.Tc7AccessMgrProxy.setRealmClasspath org.apache.directory.fortress.realm.tomcat.Tc7AccessMgrProxy.setRealmClasspath <>
03-May-2024 14:16:51.590 INFO [http-nio-8080-exec-1] org.apache.directory.fortress.realm.tomcat.Tc7AccessMgrProxy.setContextId org.apache.directory.fortress.realm.tomcat.Tc7AccessMgrProxy.setContextId <HOME>
03-May-2024 14:16:51.910 INFO [http-nio-8080-exec-1] org.apache.directory.fortress.realm.tomcat.Tc7AccessMgrProxy.initialize org.apache.directory.fortress.realm.tomcat.Tc7AccessMgrProxy.initialize Tomcat7 Context-based policy agent
03-May-2024 14:16:51.910 INFO [http-nio-8080-exec-1] org.apache.directory.fortress.realm.tomcat.Tc7AccessMgrProxy.initialize org.apache.directory.fortress.realm.tomcat.Tc7AccessMgrProxy.initialize - instantiate policy agent name: org.apache.directory.fortress.realm.tomcat.TcAccessMgrImpl
03-May-2024 14:16:52.555 INFO [http-nio-8080-exec-1] org.apache.directory.fortress.realm.tomcat.Tc7AccessMgrProxy.initialize org.apache.directory.fortress.realm.tomcat.Tc7AccessMgrProxy J2EE Tomcat7 policy agent, contextId: HOME, defaultRoles: 
03-May-2024 14:16:53.647 INFO [http-nio-8080-exec-1] org.apache.jasper.servlet.TldScanner.scanJars At least one JAR was scanned for TLDs yet contained no TLDs. Enable debug logging for this logger for a complete list of JARs that were scanned but no TLDs were found in them. Skipping unneeded JARs during scanning can improve startup time and JSP compilation time.
03-May-2024 14:16:54.142 INFO [http-nio-8080-exec-1] org.apache.catalina.startup.HostConfig.deployWAR Deployment of web application archive [/home/wanglx/arch/apache-tomcat/webapps/fortress-web.war] has finished in [2,556] ms
03-May-2024 14:21:08.461 INFO [Thread-4] org.apache.coyote.AbstractProtocol.pause Pausing ProtocolHandler ["http-nio-8080"]
03-May-2024 14:21:08.469 INFO [Thread-4] org.apache.catalina.core.StandardService.stopInternal Stopping service [Catalina]
03-May-2024 14:21:08.790 WARNING [Thread-4] org.apache.catalina.loader.WebappClassLoaderBase.clearReferencesThreads The web application [fortress-web] appears to have started a thread named [fortress-commander] but has failed to stop it. This is very likely to create a memory leak. Stack trace of thread:
 java.lang.Object.wait(Native Method)
 java.util.TimerThread.mainLoop(Timer.java:552)
 java.util.TimerThread.run(Timer.java:505)
03-May-2024 14:21:08.791 WARNING [Thread-4] org.apache.catalina.loader.WebappClassLoaderBase.clearReferencesThreads The web application [fortress-web] appears to have started a thread named [NioProcessor-2] but has failed to stop it. This is very likely to create a memory leak. Stack trace of thread:
 sun.nio.ch.EPollArrayWrapper.epollWait(Native Method)
 sun.nio.ch.EPollArrayWrapper.poll(EPollArrayWrapper.java:269)
 sun.nio.ch.EPollSelectorImpl.doSelect(EPollSelectorImpl.java:93)
 sun.nio.ch.SelectorImpl.lockAndDoSelect(SelectorImpl.java:86)
 sun.nio.ch.SelectorImpl.select(SelectorImpl.java:97)
 org.apache.mina.transport.socket.nio.NioProcessor.select(NioProcessor.java:112)
 org.apache.mina.core.polling.AbstractPollingIoProcessor$Processor.run(AbstractPollingIoProcessor.java:616)
 org.apache.mina.util.NamePreservingRunnable.run(NamePreservingRunnable.java:64)
 java.util.concurrent.ThreadPoolExecutor.runWorker(ThreadPoolExecutor.java:1149)
 java.util.concurrent.ThreadPoolExecutor$Worker.run(ThreadPoolExecutor.java:624)
 java.lang.Thread.run(Thread.java:750)
03-May-2024 14:21:08.791 WARNING [Thread-4] org.apache.catalina.loader.WebappClassLoaderBase.clearReferencesThreads The web application [fortress-web] appears to have started a thread named [NioProcessor-3] but has failed to stop it. This is very likely to create a memory leak. Stack trace of thread:
 sun.nio.ch.EPollArrayWrapper.epollWait(Native Method)
 sun.nio.ch.EPollArrayWrapper.poll(EPollArrayWrapper.java:269)
 sun.nio.ch.EPollSelectorImpl.doSelect(EPollSelectorImpl.java:93)
 sun.nio.ch.SelectorImpl.lockAndDoSelect(SelectorImpl.java:86)
 sun.nio.ch.SelectorImpl.select(SelectorImpl.java:97)
 org.apache.mina.transport.socket.nio.NioProcessor.select(NioProcessor.java:112)
 org.apache.mina.core.polling.AbstractPollingIoProcessor$Processor.run(AbstractPollingIoProcessor.java:616)
 org.apache.mina.util.NamePreservingRunnable.run(NamePreservingRunnable.java:64)
 java.util.concurrent.ThreadPoolExecutor.runWorker(ThreadPoolExecutor.java:1149)
 java.util.concurrent.ThreadPoolExecutor$Worker.run(ThreadPoolExecutor.java:624)
 java.lang.Thread.run(Thread.java:750)
03-May-2024 14:21:08.792 WARNING [Thread-4] org.apache.catalina.loader.WebappClassLoaderBase.clearReferencesThreads The web application [fortress-web] appears to have started a thread named [NioProcessor-4] but has failed to stop it. This is very likely to create a memory leak. Stack trace of thread:
 sun.nio.ch.EPollArrayWrapper.epollWait(Native Method)
 sun.nio.ch.EPollArrayWrapper.poll(EPollArrayWrapper.java:269)
 sun.nio.ch.EPollSelectorImpl.doSelect(EPollSelectorImpl.java:93)
 sun.nio.ch.SelectorImpl.lockAndDoSelect(SelectorImpl.java:86)
 sun.nio.ch.SelectorImpl.select(SelectorImpl.java:97)
 org.apache.mina.transport.socket.nio.NioProcessor.select(NioProcessor.java:112)
 org.apache.mina.core.polling.AbstractPollingIoProcessor$Processor.run(AbstractPollingIoProcessor.java:616)
 org.apache.mina.util.NamePreservingRunnable.run(NamePreservingRunnable.java:64)
 java.util.concurrent.ThreadPoolExecutor.runWorker(ThreadPoolExecutor.java:1149)
 java.util.concurrent.ThreadPoolExecutor$Worker.run(ThreadPoolExecutor.java:624)
 java.lang.Thread.run(Thread.java:750)
03-May-2024 14:21:08.847 INFO [Thread-4] org.apache.coyote.AbstractProtocol.stop Stopping ProtocolHandler ["http-nio-8080"]
03-May-2024 14:21:08.874 INFO [Thread-4] org.apache.coyote.AbstractProtocol.destroy Destroying ProtocolHandler ["http-nio-8080"]
03-May-2024 14:22:34.476 INFO [main] org.apache.catalina.startup.VersionLoggerListener.log Server version name:   Apache Tomcat/9.0.88
03-May-2024 14:22:34.479 INFO [main] org.apache.catalina.startup.VersionLoggerListener.log Server built:          Apr 9 2024 13:22:30 UTC
03-May-2024 14:22:34.479 INFO [main] org.apache.catalina.startup.VersionLoggerListener.log Server version number: 9.0.88.0
03-May-2024 14:22:34.480 INFO [main] org.apache.catalina.startup.VersionLoggerListener.log OS Name:               Linux
03-May-2024 14:22:34.480 INFO [main] org.apache.catalina.startup.VersionLoggerListener.log OS Version:            5.4.0-177-generic
03-May-2024 14:22:34.480 INFO [main] org.apache.catalina.startup.VersionLoggerListener.log Architecture:          amd64
03-May-2024 14:22:34.480 INFO [main] org.apache.catalina.startup.VersionLoggerListener.log Java Home:             /usr/lib/jvm/java-8-openjdk-amd64/jre
03-May-2024 14:22:34.480 INFO [main] org.apache.catalina.startup.VersionLoggerListener.log JVM Version:           1.8.0_402-8u402-ga-2ubuntu1~20.04-b06
03-May-2024 14:22:34.480 INFO [main] org.apache.catalina.startup.VersionLoggerListener.log JVM Vendor:            Private Build
03-May-2024 14:22:34.480 INFO [main] org.apache.catalina.startup.VersionLoggerListener.log CATALINA_BASE:         /home/wanglx/arch/apache-tomcat
03-May-2024 14:22:34.480 INFO [main] org.apache.catalina.startup.VersionLoggerListener.log CATALINA_HOME:         /home/wanglx/arch/apache-tomcat
03-May-2024 14:22:34.487 INFO [main] org.apache.catalina.startup.VersionLoggerListener.log Command line argument: -Djava.util.logging.config.file=/home/wanglx/arch/apache-tomcat/conf/logging.properties
03-May-2024 14:22:34.487 INFO [main] org.apache.catalina.startup.VersionLoggerListener.log Command line argument: -Djava.util.logging.manager=org.apache.juli.ClassLoaderLogManager
03-May-2024 14:22:34.487 INFO [main] org.apache.catalina.startup.VersionLoggerListener.log Command line argument: -Djdk.tls.ephemeralDHKeySize=2048
03-May-2024 14:22:34.487 INFO [main] org.apache.catalina.startup.VersionLoggerListener.log Command line argument: -Djava.protocol.handler.pkgs=org.apache.catalina.webresources
03-May-2024 14:22:34.487 INFO [main] org.apache.catalina.startup.VersionLoggerListener.log Command line argument: -Dorg.apache.catalina.security.SecurityListener.UMASK=0027
03-May-2024 14:22:34.487 INFO [main] org.apache.catalina.startup.VersionLoggerListener.log Command line argument: -Dfortress.admin.user=uid=admin,ou=system
03-May-2024 14:22:34.487 INFO [main] org.apache.catalina.startup.VersionLoggerListener.log Command line argument: -Dfortress.admin.pw=secret
03-May-2024 14:22:34.487 INFO [main] org.apache.catalina.startup.VersionLoggerListener.log Command line argument: -Dfortress.config.root=ou=Config,dc=example,dc=com
03-May-2024 14:22:34.488 INFO [main] org.apache.catalina.startup.VersionLoggerListener.log Command line argument: -Dfortress.port=10389
03-May-2024 14:22:34.488 INFO [main] org.apache.catalina.startup.VersionLoggerListener.log Command line argument: -Dignore.endorsed.dirs=
03-May-2024 14:22:34.488 INFO [main] org.apache.catalina.startup.VersionLoggerListener.log Command line argument: -Dcatalina.base=/home/wanglx/arch/apache-tomcat
03-May-2024 14:22:34.488 INFO [main] org.apache.catalina.startup.VersionLoggerListener.log Command line argument: -Dcatalina.home=/home/wanglx/arch/apache-tomcat
03-May-2024 14:22:34.488 INFO [main] org.apache.catalina.startup.VersionLoggerListener.log Command line argument: -Djava.io.tmpdir=/home/wanglx/arch/apache-tomcat/temp
03-May-2024 14:22:34.491 INFO [main] org.apache.catalina.core.AprLifecycleListener.lifecycleEvent The Apache Tomcat Native library which allows using OpenSSL was not found on the java.library.path: [/usr/java/packages/lib/amd64:/usr/lib/x86_64-linux-gnu/jni:/lib/x86_64-linux-gnu:/usr/lib/x86_64-linux-gnu:/usr/lib/jni:/lib:/usr/lib]
03-May-2024 14:22:34.974 INFO [main] org.apache.coyote.AbstractProtocol.init Initializing ProtocolHandler ["http-nio-8080"]
03-May-2024 14:22:35.024 INFO [main] org.apache.catalina.startup.Catalina.load Server initialization in [826] milliseconds
03-May-2024 14:22:35.093 INFO [main] org.apache.catalina.core.StandardService.startInternal Starting service [Catalina]
03-May-2024 14:22:35.094 INFO [main] org.apache.catalina.core.StandardEngine.startInternal Starting Servlet engine: [Apache Tomcat/9.0.88]
03-May-2024 14:22:35.132 INFO [main] org.apache.catalina.startup.HostConfig.deployWAR Deploying web application archive [/home/wanglx/arch/apache-tomcat/webapps/fortress-web.war]
03-May-2024 14:22:35.148 INFO [main] org.apache.directory.fortress.realm.tomcat.Tc7AccessMgrProxy.setDefaultRoles org.apache.directory.fortress.realm.tomcat.Tc7AccessMgrProxy.setDefaultRoles <>
03-May-2024 14:22:35.148 INFO [main] org.apache.directory.fortress.realm.tomcat.Tc7AccessMgrProxy.setContainerType org.apache.directory.fortress.realm.tomcat.Tc7AccessMgrProxy.setContainerType <TomcatContext>
03-May-2024 14:22:35.148 INFO [main] org.apache.directory.fortress.realm.tomcat.Tc7AccessMgrProxy.setRealmClasspath org.apache.directory.fortress.realm.tomcat.Tc7AccessMgrProxy.setRealmClasspath <>
03-May-2024 14:22:35.149 INFO [main] org.apache.directory.fortress.realm.tomcat.Tc7AccessMgrProxy.setContextId org.apache.directory.fortress.realm.tomcat.Tc7AccessMgrProxy.setContextId <HOME>
03-May-2024 14:22:35.372 INFO [main] org.apache.directory.fortress.realm.tomcat.Tc7AccessMgrProxy.initialize org.apache.directory.fortress.realm.tomcat.Tc7AccessMgrProxy.initialize Tomcat7 Context-based policy agent
03-May-2024 14:22:35.372 INFO [main] org.apache.directory.fortress.realm.tomcat.Tc7AccessMgrProxy.initialize org.apache.directory.fortress.realm.tomcat.Tc7AccessMgrProxy.initialize - instantiate policy agent name: org.apache.directory.fortress.realm.tomcat.TcAccessMgrImpl
03-May-2024 14:22:51.901 INFO [main] org.apache.directory.fortress.realm.tomcat.Tc7AccessMgrProxy.initialize org.apache.directory.fortress.realm.tomcat.Tc7AccessMgrProxy J2EE Tomcat7 policy agent, contextId: HOME, defaultRoles: 
03-May-2024 14:22:54.747 INFO [main] org.apache.jasper.servlet.TldScanner.scanJars At least one JAR was scanned for TLDs yet contained no TLDs. Enable debug logging for this logger for a complete list of JARs that were scanned but no TLDs were found in them. Skipping unneeded JARs during scanning can improve startup time and JSP compilation time.
03-May-2024 14:22:55.780 INFO [main] org.apache.catalina.startup.HostConfig.deployWAR Deployment of web application archive [/home/wanglx/arch/apache-tomcat/webapps/fortress-web.war] has finished in [20,648] ms
03-May-2024 14:22:55.781 INFO [main] org.apache.catalina.startup.HostConfig.deployDirectory Deploying web application directory [/home/wanglx/arch/apache-tomcat/webapps/manager]
03-May-2024 14:22:55.804 INFO [main] org.apache.jasper.servlet.TldScanner.scanJars At least one JAR was scanned for TLDs yet contained no TLDs. Enable debug logging for this logger for a complete list of JARs that were scanned but no TLDs were found in them. Skipping unneeded JARs during scanning can improve startup time and JSP compilation time.
03-May-2024 14:22:55.813 INFO [main] org.apache.catalina.startup.HostConfig.deployDirectory Deployment of web application directory [/home/wanglx/arch/apache-tomcat/webapps/manager] has finished in [32] ms
03-May-2024 14:22:55.813 INFO [main] org.apache.catalina.startup.HostConfig.deployDirectory Deploying web application directory [/home/wanglx/arch/apache-tomcat/webapps/ROOT]
03-May-2024 14:22:55.832 INFO [main] org.apache.jasper.servlet.TldScanner.scanJars At least one JAR was scanned for TLDs yet contained no TLDs. Enable debug logging for this logger for a complete list of JARs that were scanned but no TLDs were found in them. Skipping unneeded JARs during scanning can improve startup time and JSP compilation time.
03-May-2024 14:22:55.834 INFO [main] org.apache.catalina.startup.HostConfig.deployDirectory Deployment of web application directory [/home/wanglx/arch/apache-tomcat/webapps/ROOT] has finished in [21] ms
03-May-2024 14:22:55.834 INFO [main] org.apache.catalina.startup.HostConfig.deployDirectory Deploying web application directory [/home/wanglx/arch/apache-tomcat/webapps/docs]
03-May-2024 14:22:55.852 INFO [main] org.apache.jasper.servlet.TldScanner.scanJars At least one JAR was scanned for TLDs yet contained no TLDs. Enable debug logging for this logger for a complete list of JARs that were scanned but no TLDs were found in them. Skipping unneeded JARs during scanning can improve startup time and JSP compilation time.
03-May-2024 14:22:55.854 INFO [main] org.apache.catalina.startup.HostConfig.deployDirectory Deployment of web application directory [/home/wanglx/arch/apache-tomcat/webapps/docs] has finished in [20] ms
03-May-2024 14:22:55.860 INFO [main] org.apache.coyote.AbstractProtocol.start Starting ProtocolHandler ["http-nio-8080"]
03-May-2024 14:22:55.898 INFO [main] org.apache.catalina.startup.Catalina.start Server startup in [20873] milliseconds
03-May-2024 14:26:02.696 INFO [main] org.apache.catalina.core.StandardServer.await A valid shutdown command was received via the shutdown port. Stopping the Server instance.
03-May-2024 14:26:02.696 INFO [main] org.apache.coyote.AbstractProtocol.pause Pausing ProtocolHandler ["http-nio-8080"]
03-May-2024 14:26:02.698 INFO [main] org.apache.catalina.core.StandardService.stopInternal Stopping service [Catalina]
03-May-2024 14:26:02.738 WARNING [main] org.apache.catalina.loader.WebappClassLoaderBase.clearReferencesThreads The web application [fortress-web] appears to have started a thread named [NioProcessor-1] but has failed to stop it. This is very likely to create a memory leak. Stack trace of thread:
 sun.nio.ch.EPollArrayWrapper.epollWait(Native Method)
 sun.nio.ch.EPollArrayWrapper.poll(EPollArrayWrapper.java:269)
 sun.nio.ch.EPollSelectorImpl.doSelect(EPollSelectorImpl.java:93)
 sun.nio.ch.SelectorImpl.lockAndDoSelect(SelectorImpl.java:86)
 sun.nio.ch.SelectorImpl.select(SelectorImpl.java:97)
 org.apache.mina.transport.socket.nio.NioProcessor.select(NioProcessor.java:112)
 org.apache.mina.core.polling.AbstractPollingIoProcessor$Processor.run(AbstractPollingIoProcessor.java:616)
 org.apache.mina.util.NamePreservingRunnable.run(NamePreservingRunnable.java:64)
 java.util.concurrent.ThreadPoolExecutor.runWorker(ThreadPoolExecutor.java:1149)
 java.util.concurrent.ThreadPoolExecutor$Worker.run(ThreadPoolExecutor.java:624)
 java.lang.Thread.run(Thread.java:750)
03-May-2024 14:26:02.740 WARNING [main] org.apache.catalina.loader.WebappClassLoaderBase.clearReferencesThreads The web application [fortress-web] appears to have started a thread named [fortress-commander] but has failed to stop it. This is very likely to create a memory leak. Stack trace of thread:
 java.lang.Object.wait(Native Method)
 java.util.TimerThread.mainLoop(Timer.java:552)
 java.util.TimerThread.run(Timer.java:505)
03-May-2024 14:26:02.741 WARNING [main] org.apache.catalina.loader.WebappClassLoaderBase.clearReferencesThreads The web application [fortress-web] appears to have started a thread named [NioProcessor-2] but has failed to stop it. This is very likely to create a memory leak. Stack trace of thread:
 sun.nio.ch.EPollArrayWrapper.epollWait(Native Method)
 sun.nio.ch.EPollArrayWrapper.poll(EPollArrayWrapper.java:269)
 sun.nio.ch.EPollSelectorImpl.doSelect(EPollSelectorImpl.java:93)
 sun.nio.ch.SelectorImpl.lockAndDoSelect(SelectorImpl.java:86)
 sun.nio.ch.SelectorImpl.select(SelectorImpl.java:97)
 org.apache.mina.transport.socket.nio.NioProcessor.select(NioProcessor.java:112)
 org.apache.mina.core.polling.AbstractPollingIoProcessor$Processor.run(AbstractPollingIoProcessor.java:616)
 org.apache.mina.util.NamePreservingRunnable.run(NamePreservingRunnable.java:64)
 java.util.concurrent.ThreadPoolExecutor.runWorker(ThreadPoolExecutor.java:1149)
 java.util.concurrent.ThreadPoolExecutor$Worker.run(ThreadPoolExecutor.java:624)
 java.lang.Thread.run(Thread.java:750)
03-May-2024 14:26:02.754 INFO [main] org.apache.coyote.AbstractProtocol.stop Stopping ProtocolHandler ["http-nio-8080"]
03-May-2024 14:26:02.771 INFO [main] org.apache.coyote.AbstractProtocol.destroy Destroying ProtocolHandler ["http-nio-8080"]
03-May-2024 14:26:15.219 INFO [NioProcessor-2] org.apache.catalina.loader.WebappClassLoaderBase.checkStateForResourceLoading Illegal access: this web application instance has been stopped already. Could not load [org.apache.directory.api.ldap.model.message.ExtendedResponseImpl]. The following stack trace is thrown for debugging purposes as well as to attempt to terminate the thread which caused the illegal access.
	java.lang.IllegalStateException: Illegal access: this web application instance has been stopped already. Could not load [org.apache.directory.api.ldap.model.message.ExtendedResponseImpl]. The following stack trace is thrown for debugging purposes as well as to attempt to terminate the thread which caused the illegal access.
		at org.apache.catalina.loader.WebappClassLoaderBase.checkStateForResourceLoading(WebappClassLoaderBase.java:1349)
		at org.apache.catalina.loader.WebappClassLoaderBase.checkStateForClassLoading(WebappClassLoaderBase.java:1337)
		at org.apache.catalina.loader.WebappClassLoaderBase.loadClass(WebappClassLoaderBase.java:1174)
		at org.apache.catalina.loader.WebappClassLoaderBase.loadClass(WebappClassLoaderBase.java:1141)
		at org.apache.directory.api.ldap.codec.actions.extendedResponse.InitExtendedResponse.action(InitExtendedResponse.java:62)
		at org.apache.directory.api.ldap.codec.actions.extendedResponse.InitExtendedResponse.action(InitExtendedResponse.java:40)
		at org.apache.directory.api.asn1.ber.grammar.AbstractGrammar.executeAction(AbstractGrammar.java:139)
		at org.apache.directory.api.asn1.ber.Asn1Decoder.treatTLVDoneState(Asn1Decoder.java:600)
		at org.apache.directory.api.asn1.ber.Asn1Decoder.decode(Asn1Decoder.java:736)
		at org.apache.directory.api.ldap.codec.protocol.mina.LdapProtocolDecoder.decode(LdapProtocolDecoder.java:144)
		at org.apache.directory.api.ldap.codec.protocol.mina.LdapProtocolDecoder.decode(LdapProtocolDecoder.java:93)
		at org.apache.mina.filter.codec.ProtocolCodecFilter.messageReceived(ProtocolCodecFilter.java:253)
		at org.apache.mina.core.filterchain.DefaultIoFilterChain.callNextMessageReceived(DefaultIoFilterChain.java:650)
		at org.apache.mina.core.filterchain.DefaultIoFilterChain.access$1300(DefaultIoFilterChain.java:49)
		at org.apache.mina.core.filterchain.DefaultIoFilterChain$EntryImpl$1.messageReceived(DefaultIoFilterChain.java:1141)
		at org.apache.mina.core.filterchain.IoFilterAdapter.messageReceived(IoFilterAdapter.java:122)
		at org.apache.mina.core.filterchain.DefaultIoFilterChain.callNextMessageReceived(DefaultIoFilterChain.java:650)
		at org.apache.mina.core.filterchain.DefaultIoFilterChain.fireMessageReceived(DefaultIoFilterChain.java:643)
		at org.apache.mina.core.polling.AbstractPollingIoProcessor.read(AbstractPollingIoProcessor.java:539)
		at org.apache.mina.core.polling.AbstractPollingIoProcessor.access$1200(AbstractPollingIoProcessor.java:68)
		at org.apache.mina.core.polling.AbstractPollingIoProcessor$Processor.process(AbstractPollingIoProcessor.java:1242)
		at org.apache.mina.core.polling.AbstractPollingIoProcessor$Processor.process(AbstractPollingIoProcessor.java:1231)
		at org.apache.mina.core.polling.AbstractPollingIoProcessor$Processor.run(AbstractPollingIoProcessor.java:683)
		at org.apache.mina.util.NamePreservingRunnable.run(NamePreservingRunnable.java:64)
		at java.util.concurrent.ThreadPoolExecutor.runWorker(ThreadPoolExecutor.java:1149)
		at java.util.concurrent.ThreadPoolExecutor$Worker.run(ThreadPoolExecutor.java:624)
		at java.lang.Thread.run(Thread.java:750)
03-May-2024 14:26:15.223 INFO [NioProcessor-2] org.apache.catalina.loader.WebappClassLoaderBase.checkStateForResourceLoading Illegal access: this web application instance has been stopped already. Could not load [org.apache.log4j.spi.ThrowableInformation]. The following stack trace is thrown for debugging purposes as well as to attempt to terminate the thread which caused the illegal access.
	java.lang.IllegalStateException: Illegal access: this web application instance has been stopped already. Could not load [org.apache.log4j.spi.ThrowableInformation]. The following stack trace is thrown for debugging purposes as well as to attempt to terminate the thread which caused the illegal access.
		at org.apache.catalina.loader.WebappClassLoaderBase.checkStateForResourceLoading(WebappClassLoaderBase.java:1349)
		at org.apache.catalina.loader.WebappClassLoaderBase.checkStateForClassLoading(WebappClassLoaderBase.java:1337)
		at org.apache.catalina.loader.WebappClassLoaderBase.loadClass(WebappClassLoaderBase.java:1174)
		at org.apache.catalina.loader.WebappClassLoaderBase.loadClass(WebappClassLoaderBase.java:1141)
		at org.apache.log4j.spi.LoggingEvent.<init>(LoggingEvent.java:165)
		at org.apache.log4j.Category.forcedLog(Category.java:391)
		at org.apache.log4j.Category.log(Category.java:856)
		at org.slf4j.impl.Log4jLoggerAdapter.warn(Log4jLoggerAdapter.java:478)
		at org.apache.directory.ldap.client.api.LdapNetworkConnection.exceptionCaught(LdapNetworkConnection.java:1998)
		at org.apache.mina.core.filterchain.DefaultIoFilterChain$TailFilter.exceptionCaught(DefaultIoFilterChain.java:991)
		at org.apache.mina.core.filterchain.DefaultIoFilterChain.callNextExceptionCaught(DefaultIoFilterChain.java:706)
		at org.apache.mina.core.filterchain.DefaultIoFilterChain.access$1100(DefaultIoFilterChain.java:49)
		at org.apache.mina.core.filterchain.DefaultIoFilterChain$EntryImpl$1.exceptionCaught(DefaultIoFilterChain.java:1123)
		at org.apache.mina.core.filterchain.IoFilterAdapter.exceptionCaught(IoFilterAdapter.java:114)
		at org.apache.mina.core.filterchain.DefaultIoFilterChain.callNextExceptionCaught(DefaultIoFilterChain.java:706)
		at org.apache.mina.core.filterchain.DefaultIoFilterChain.access$1100(DefaultIoFilterChain.java:49)
		at org.apache.mina.core.filterchain.DefaultIoFilterChain$EntryImpl$1.exceptionCaught(DefaultIoFilterChain.java:1123)
		at org.apache.mina.core.filterchain.IoFilterAdapter.exceptionCaught(IoFilterAdapter.java:114)
		at org.apache.mina.core.filterchain.DefaultIoFilterChain.callNextExceptionCaught(DefaultIoFilterChain.java:706)
		at org.apache.mina.core.filterchain.DefaultIoFilterChain.fireExceptionCaught(DefaultIoFilterChain.java:696)
		at org.apache.mina.core.filterchain.DefaultIoFilterChain.callNextMessageReceived(DefaultIoFilterChain.java:654)
		at org.apache.mina.core.filterchain.DefaultIoFilterChain.access$1300(DefaultIoFilterChain.java:49)
		at org.apache.mina.core.filterchain.DefaultIoFilterChain$EntryImpl$1.messageReceived(DefaultIoFilterChain.java:1141)
		at org.apache.mina.core.filterchain.IoFilterAdapter.messageReceived(IoFilterAdapter.java:122)
		at org.apache.mina.core.filterchain.DefaultIoFilterChain.callNextMessageReceived(DefaultIoFilterChain.java:650)
		at org.apache.mina.core.filterchain.DefaultIoFilterChain.fireMessageReceived(DefaultIoFilterChain.java:643)
		at org.apache.mina.core.polling.AbstractPollingIoProcessor.read(AbstractPollingIoProcessor.java:539)
		at org.apache.mina.core.polling.AbstractPollingIoProcessor.access$1200(AbstractPollingIoProcessor.java:68)
		at org.apache.mina.core.polling.AbstractPollingIoProcessor$Processor.process(AbstractPollingIoProcessor.java:1242)
		at org.apache.mina.core.polling.AbstractPollingIoProcessor$Processor.process(AbstractPollingIoProcessor.java:1231)
		at org.apache.mina.core.polling.AbstractPollingIoProcessor$Processor.run(AbstractPollingIoProcessor.java:683)
		at org.apache.mina.util.NamePreservingRunnable.run(NamePreservingRunnable.java:64)
		at java.util.concurrent.ThreadPoolExecutor.runWorker(ThreadPoolExecutor.java:1149)
		at java.util.concurrent.ThreadPoolExecutor$Worker.run(ThreadPoolExecutor.java:624)
		at java.lang.Thread.run(Thread.java:750)
03-May-2024 14:26:38.943 INFO [main] org.apache.catalina.startup.VersionLoggerListener.log Server version name:   Apache Tomcat/9.0.88
03-May-2024 14:26:38.945 INFO [main] org.apache.catalina.startup.VersionLoggerListener.log Server built:          Apr 9 2024 13:22:30 UTC
03-May-2024 14:26:38.945 INFO [main] org.apache.catalina.startup.VersionLoggerListener.log Server version number: 9.0.88.0
03-May-2024 14:26:38.945 INFO [main] org.apache.catalina.startup.VersionLoggerListener.log OS Name:               Linux
03-May-2024 14:26:38.945 INFO [main] org.apache.catalina.startup.VersionLoggerListener.log OS Version:            5.4.0-177-generic
03-May-2024 14:26:38.946 INFO [main] org.apache.catalina.startup.VersionLoggerListener.log Architecture:          amd64
03-May-2024 14:26:38.946 INFO [main] org.apache.catalina.startup.VersionLoggerListener.log Java Home:             /usr/lib/jvm/java-8-openjdk-amd64/jre
03-May-2024 14:26:38.946 INFO [main] org.apache.catalina.startup.VersionLoggerListener.log JVM Version:           1.8.0_402-8u402-ga-2ubuntu1~20.04-b06
03-May-2024 14:26:38.946 INFO [main] org.apache.catalina.startup.VersionLoggerListener.log JVM Vendor:            Private Build
03-May-2024 14:26:38.946 INFO [main] org.apache.catalina.startup.VersionLoggerListener.log CATALINA_BASE:         /home/wanglx/arch/apache-tomcat
03-May-2024 14:26:38.946 INFO [main] org.apache.catalina.startup.VersionLoggerListener.log CATALINA_HOME:         /home/wanglx/arch/apache-tomcat
03-May-2024 14:26:38.947 INFO [main] org.apache.catalina.startup.VersionLoggerListener.log Command line argument: -Djava.util.logging.config.file=/home/wanglx/arch/apache-tomcat/conf/logging.properties
03-May-2024 14:26:38.948 INFO [main] org.apache.catalina.startup.VersionLoggerListener.log Command line argument: -Djava.util.logging.manager=org.apache.juli.ClassLoaderLogManager
03-May-2024 14:26:38.948 INFO [main] org.apache.catalina.startup.VersionLoggerListener.log Command line argument: -Djdk.tls.ephemeralDHKeySize=2048
03-May-2024 14:26:38.948 INFO [main] org.apache.catalina.startup.VersionLoggerListener.log Command line argument: -Djava.protocol.handler.pkgs=org.apache.catalina.webresources
03-May-2024 14:26:38.948 INFO [main] org.apache.catalina.startup.VersionLoggerListener.log Command line argument: -Dorg.apache.catalina.security.SecurityListener.UMASK=0027
03-May-2024 14:26:38.948 INFO [main] org.apache.catalina.startup.VersionLoggerListener.log Command line argument: -Dfortress.admin.user=uid=admin,ou=system
03-May-2024 14:26:38.948 INFO [main] org.apache.catalina.startup.VersionLoggerListener.log Command line argument: -Dfortress.admin.pw=secret
03-May-2024 14:26:38.948 INFO [main] org.apache.catalina.startup.VersionLoggerListener.log Command line argument: -Dfortress.config.root=ou=Config,dc=example,dc=com
03-May-2024 14:26:38.948 INFO [main] org.apache.catalina.startup.VersionLoggerListener.log Command line argument: -Dfortress.port=10389
03-May-2024 14:26:38.949 INFO [main] org.apache.catalina.startup.VersionLoggerListener.log Command line argument: -Dignore.endorsed.dirs=
03-May-2024 14:26:38.949 INFO [main] org.apache.catalina.startup.VersionLoggerListener.log Command line argument: -Dcatalina.base=/home/wanglx/arch/apache-tomcat
03-May-2024 14:26:38.949 INFO [main] org.apache.catalina.startup.VersionLoggerListener.log Command line argument: -Dcatalina.home=/home/wanglx/arch/apache-tomcat
03-May-2024 14:26:38.949 INFO [main] org.apache.catalina.startup.VersionLoggerListener.log Command line argument: -Djava.io.tmpdir=/home/wanglx/arch/apache-tomcat/temp
03-May-2024 14:26:38.951 INFO [main] org.apache.catalina.core.AprLifecycleListener.lifecycleEvent The Apache Tomcat Native library which allows using OpenSSL was not found on the java.library.path: [/usr/java/packages/lib/amd64:/usr/lib/x86_64-linux-gnu/jni:/lib/x86_64-linux-gnu:/usr/lib/x86_64-linux-gnu:/usr/lib/jni:/lib:/usr/lib]
03-May-2024 14:26:39.296 INFO [main] org.apache.coyote.AbstractProtocol.init Initializing ProtocolHandler ["http-nio-8080"]
03-May-2024 14:26:39.330 INFO [main] org.apache.catalina.startup.Catalina.load Server initialization in [634] milliseconds
03-May-2024 14:26:39.375 INFO [main] org.apache.catalina.core.StandardService.startInternal Starting service [Catalina]
03-May-2024 14:26:39.375 INFO [main] org.apache.catalina.core.StandardEngine.startInternal Starting Servlet engine: [Apache Tomcat/9.0.88]
03-May-2024 14:26:39.400 INFO [main] org.apache.catalina.startup.HostConfig.deployWAR Deploying web application archive [/home/wanglx/arch/apache-tomcat/webapps/fortress-web.war]
03-May-2024 14:26:39.412 INFO [main] org.apache.directory.fortress.realm.tomcat.Tc7AccessMgrProxy.setDefaultRoles org.apache.directory.fortress.realm.tomcat.Tc7AccessMgrProxy.setDefaultRoles <>
03-May-2024 14:26:39.413 INFO [main] org.apache.directory.fortress.realm.tomcat.Tc7AccessMgrProxy.setContainerType org.apache.directory.fortress.realm.tomcat.Tc7AccessMgrProxy.setContainerType <TomcatContext>
03-May-2024 14:26:39.413 INFO [main] org.apache.directory.fortress.realm.tomcat.Tc7AccessMgrProxy.setRealmClasspath org.apache.directory.fortress.realm.tomcat.Tc7AccessMgrProxy.setRealmClasspath <>
03-May-2024 14:26:39.413 INFO [main] org.apache.directory.fortress.realm.tomcat.Tc7AccessMgrProxy.setContextId org.apache.directory.fortress.realm.tomcat.Tc7AccessMgrProxy.setContextId <HOME>
03-May-2024 14:26:39.530 INFO [main] org.apache.directory.fortress.realm.tomcat.Tc7AccessMgrProxy.initialize org.apache.directory.fortress.realm.tomcat.Tc7AccessMgrProxy.initialize Tomcat7 Context-based policy agent
03-May-2024 14:26:39.530 INFO [main] org.apache.directory.fortress.realm.tomcat.Tc7AccessMgrProxy.initialize org.apache.directory.fortress.realm.tomcat.Tc7AccessMgrProxy.initialize - instantiate policy agent name: org.apache.directory.fortress.realm.tomcat.TcAccessMgrImpl
03-May-2024 14:26:40.358 INFO [main] org.apache.directory.fortress.realm.tomcat.Tc7AccessMgrProxy.initialize org.apache.directory.fortress.realm.tomcat.Tc7AccessMgrProxy J2EE Tomcat7 policy agent, contextId: HOME, defaultRoles: 
03-May-2024 14:26:42.903 INFO [main] org.apache.jasper.servlet.TldScanner.scanJars At least one JAR was scanned for TLDs yet contained no TLDs. Enable debug logging for this logger for a complete list of JARs that were scanned but no TLDs were found in them. Skipping unneeded JARs during scanning can improve startup time and JSP compilation time.
03-May-2024 14:26:43.984 INFO [main] org.apache.catalina.startup.HostConfig.deployWAR Deployment of web application archive [/home/wanglx/arch/apache-tomcat/webapps/fortress-web.war] has finished in [4,583] ms
03-May-2024 14:26:43.985 INFO [main] org.apache.catalina.startup.HostConfig.deployDirectory Deploying web application directory [/home/wanglx/arch/apache-tomcat/webapps/manager]
03-May-2024 14:26:44.002 INFO [main] org.apache.jasper.servlet.TldScanner.scanJars At least one JAR was scanned for TLDs yet contained no TLDs. Enable debug logging for this logger for a complete list of JARs that were scanned but no TLDs were found in them. Skipping unneeded JARs during scanning can improve startup time and JSP compilation time.
03-May-2024 14:26:44.009 INFO [main] org.apache.catalina.startup.HostConfig.deployDirectory Deployment of web application directory [/home/wanglx/arch/apache-tomcat/webapps/manager] has finished in [24] ms
03-May-2024 14:26:44.009 INFO [main] org.apache.catalina.startup.HostConfig.deployDirectory Deploying web application directory [/home/wanglx/arch/apache-tomcat/webapps/ROOT]
03-May-2024 14:26:44.024 INFO [main] org.apache.jasper.servlet.TldScanner.scanJars At least one JAR was scanned for TLDs yet contained no TLDs. Enable debug logging for this logger for a complete list of JARs that were scanned but no TLDs were found in them. Skipping unneeded JARs during scanning can improve startup time and JSP compilation time.
03-May-2024 14:26:44.025 INFO [main] org.apache.catalina.startup.HostConfig.deployDirectory Deployment of web application directory [/home/wanglx/arch/apache-tomcat/webapps/ROOT] has finished in [16] ms
03-May-2024 14:26:44.025 INFO [main] org.apache.catalina.startup.HostConfig.deployDirectory Deploying web application directory [/home/wanglx/arch/apache-tomcat/webapps/docs]
03-May-2024 14:26:44.038 INFO [main] org.apache.jasper.servlet.TldScanner.scanJars At least one JAR was scanned for TLDs yet contained no TLDs. Enable debug logging for this logger for a complete list of JARs that were scanned but no TLDs were found in them. Skipping unneeded JARs during scanning can improve startup time and JSP compilation time.
03-May-2024 14:26:44.039 INFO [main] org.apache.catalina.startup.HostConfig.deployDirectory Deployment of web application directory [/home/wanglx/arch/apache-tomcat/webapps/docs] has finished in [14] ms
03-May-2024 14:26:44.044 INFO [main] org.apache.coyote.AbstractProtocol.start Starting ProtocolHandler ["http-nio-8080"]
03-May-2024 14:26:44.059 INFO [main] org.apache.catalina.startup.Catalina.start Server startup in [4728] milliseconds
03-May-2024 14:32:15.907 INFO [Thread-4] org.apache.coyote.AbstractProtocol.pause Pausing ProtocolHandler ["http-nio-8080"]
03-May-2024 14:32:15.920 INFO [Thread-4] org.apache.catalina.core.StandardService.stopInternal Stopping service [Catalina]
03-May-2024 14:32:16.365 WARNING [Thread-4] org.apache.catalina.loader.WebappClassLoaderBase.clearReferencesThreads The web application [fortress-web] appears to have started a thread named [NioProcessor-1] but has failed to stop it. This is very likely to create a memory leak. Stack trace of thread:
 sun.nio.ch.EPollArrayWrapper.epollWait(Native Method)
 sun.nio.ch.EPollArrayWrapper.poll(EPollArrayWrapper.java:269)
 sun.nio.ch.EPollSelectorImpl.doSelect(EPollSelectorImpl.java:93)
 sun.nio.ch.SelectorImpl.lockAndDoSelect(SelectorImpl.java:86)
 sun.nio.ch.SelectorImpl.select(SelectorImpl.java:97)
 org.apache.mina.transport.socket.nio.NioProcessor.select(NioProcessor.java:112)
 org.apache.mina.core.polling.AbstractPollingIoProcessor$Processor.run(AbstractPollingIoProcessor.java:616)
 org.apache.mina.util.NamePreservingRunnable.run(NamePreservingRunnable.java:64)
 java.util.concurrent.ThreadPoolExecutor.runWorker(ThreadPoolExecutor.java:1149)
 java.util.concurrent.ThreadPoolExecutor$Worker.run(ThreadPoolExecutor.java:624)
 java.lang.Thread.run(Thread.java:750)
03-May-2024 14:32:16.367 WARNING [Thread-4] org.apache.catalina.loader.WebappClassLoaderBase.clearReferencesThreads The web application [fortress-web] appears to have started a thread named [fortress-commander] but has failed to stop it. This is very likely to create a memory leak. Stack trace of thread:
 java.lang.Object.wait(Native Method)
 java.util.TimerThread.mainLoop(Timer.java:552)
 java.util.TimerThread.run(Timer.java:505)
03-May-2024 14:32:16.368 WARNING [Thread-4] org.apache.catalina.loader.WebappClassLoaderBase.clearReferencesThreads The web application [fortress-web] appears to have started a thread named [NioProcessor-2] but has failed to stop it. This is very likely to create a memory leak. Stack trace of thread:
 sun.nio.ch.EPollArrayWrapper.epollWait(Native Method)
 sun.nio.ch.EPollArrayWrapper.poll(EPollArrayWrapper.java:269)
 sun.nio.ch.EPollSelectorImpl.doSelect(EPollSelectorImpl.java:93)
 sun.nio.ch.SelectorImpl.lockAndDoSelect(SelectorImpl.java:86)
 sun.nio.ch.SelectorImpl.select(SelectorImpl.java:97)
 org.apache.mina.transport.socket.nio.NioProcessor.select(NioProcessor.java:112)
 org.apache.mina.core.polling.AbstractPollingIoProcessor$Processor.run(AbstractPollingIoProcessor.java:616)
 org.apache.mina.util.NamePreservingRunnable.run(NamePreservingRunnable.java:64)
 java.util.concurrent.ThreadPoolExecutor.runWorker(ThreadPoolExecutor.java:1149)
 java.util.concurrent.ThreadPoolExecutor$Worker.run(ThreadPoolExecutor.java:624)
 java.lang.Thread.run(Thread.java:750)
03-May-2024 14:32:16.457 INFO [Thread-4] org.apache.coyote.AbstractProtocol.stop Stopping ProtocolHandler ["http-nio-8080"]
03-May-2024 22:25:33.629 INFO [main] org.apache.catalina.startup.VersionLoggerListener.log Server version name:   Apache Tomcat/9.0.88
03-May-2024 22:25:33.633 INFO [main] org.apache.catalina.startup.VersionLoggerListener.log Server built:          Apr 9 2024 13:22:30 UTC
03-May-2024 22:25:33.633 INFO [main] org.apache.catalina.startup.VersionLoggerListener.log Server version number: 9.0.88.0
03-May-2024 22:25:33.633 INFO [main] org.apache.catalina.startup.VersionLoggerListener.log OS Name:               Linux
03-May-2024 22:25:33.633 INFO [main] org.apache.catalina.startup.VersionLoggerListener.log OS Version:            5.4.0-177-generic
03-May-2024 22:25:33.633 INFO [main] org.apache.catalina.startup.VersionLoggerListener.log Architecture:          amd64
03-May-2024 22:25:33.634 INFO [main] org.apache.catalina.startup.VersionLoggerListener.log Java Home:             /usr/lib/jvm/java-8-openjdk-amd64/jre
03-May-2024 22:25:33.634 INFO [main] org.apache.catalina.startup.VersionLoggerListener.log JVM Version:           1.8.0_402-8u402-ga-2ubuntu1~20.04-b06
03-May-2024 22:25:33.634 INFO [main] org.apache.catalina.startup.VersionLoggerListener.log JVM Vendor:            Private Build
03-May-2024 22:25:33.634 INFO [main] org.apache.catalina.startup.VersionLoggerListener.log CATALINA_BASE:         /home/wanglx/arch/apache-tomcat
03-May-2024 22:25:33.634 INFO [main] org.apache.catalina.startup.VersionLoggerListener.log CATALINA_HOME:         /home/wanglx/arch/apache-tomcat
03-May-2024 22:25:33.641 INFO [main] org.apache.catalina.startup.VersionLoggerListener.log Command line argument: -Djava.util.logging.config.file=/home/wanglx/arch/apache-tomcat/conf/logging.properties
03-May-2024 22:25:33.642 INFO [main] org.apache.catalina.startup.VersionLoggerListener.log Command line argument: -Djava.util.logging.manager=org.apache.juli.ClassLoaderLogManager
03-May-2024 22:25:33.642 INFO [main] org.apache.catalina.startup.VersionLoggerListener.log Command line argument: -Djdk.tls.ephemeralDHKeySize=2048
03-May-2024 22:25:33.642 INFO [main] org.apache.catalina.startup.VersionLoggerListener.log Command line argument: -Djava.protocol.handler.pkgs=org.apache.catalina.webresources
03-May-2024 22:25:33.642 INFO [main] org.apache.catalina.startup.VersionLoggerListener.log Command line argument: -Dorg.apache.catalina.security.SecurityListener.UMASK=0027
03-May-2024 22:25:33.642 INFO [main] org.apache.catalina.startup.VersionLoggerListener.log Command line argument: -Dfortress.admin.user=uid=admin,ou=system
03-May-2024 22:25:33.642 INFO [main] org.apache.catalina.startup.VersionLoggerListener.log Command line argument: -Dfortress.admin.pw=secret
03-May-2024 22:25:33.642 INFO [main] org.apache.catalina.startup.VersionLoggerListener.log Command line argument: -Dfortress.config.root=ou=Config,dc=example,dc=com
03-May-2024 22:25:33.643 INFO [main] org.apache.catalina.startup.VersionLoggerListener.log Command line argument: -Dfortress.port=10389
03-May-2024 22:25:33.643 INFO [main] org.apache.catalina.startup.VersionLoggerListener.log Command line argument: -Dignore.endorsed.dirs=
03-May-2024 22:25:33.643 INFO [main] org.apache.catalina.startup.VersionLoggerListener.log Command line argument: -Dcatalina.base=/home/wanglx/arch/apache-tomcat
03-May-2024 22:25:33.643 INFO [main] org.apache.catalina.startup.VersionLoggerListener.log Command line argument: -Dcatalina.home=/home/wanglx/arch/apache-tomcat
03-May-2024 22:25:33.644 INFO [main] org.apache.catalina.startup.VersionLoggerListener.log Command line argument: -Djava.io.tmpdir=/home/wanglx/arch/apache-tomcat/temp
03-May-2024 22:25:33.646 INFO [main] org.apache.catalina.core.AprLifecycleListener.lifecycleEvent The Apache Tomcat Native library which allows using OpenSSL was not found on the java.library.path: [/usr/java/packages/lib/amd64:/usr/lib/x86_64-linux-gnu/jni:/lib/x86_64-linux-gnu:/usr/lib/x86_64-linux-gnu:/usr/lib/jni:/lib:/usr/lib]
03-May-2024 22:25:34.171 INFO [main] org.apache.coyote.AbstractProtocol.init Initializing ProtocolHandler ["http-nio-8080"]
03-May-2024 22:25:34.219 INFO [main] org.apache.catalina.startup.Catalina.load Server initialization in [950] milliseconds
03-May-2024 22:25:34.295 INFO [main] org.apache.catalina.core.StandardService.startInternal Starting service [Catalina]
03-May-2024 22:25:34.296 INFO [main] org.apache.catalina.core.StandardEngine.startInternal Starting Servlet engine: [Apache Tomcat/9.0.88]
03-May-2024 22:25:34.334 INFO [main] org.apache.catalina.startup.HostConfig.deployWAR Deploying web application archive [/home/wanglx/arch/apache-tomcat/webapps/fortress-web.war]
03-May-2024 22:25:34.351 INFO [main] org.apache.directory.fortress.realm.tomcat.Tc7AccessMgrProxy.setDefaultRoles org.apache.directory.fortress.realm.tomcat.Tc7AccessMgrProxy.setDefaultRoles <>
03-May-2024 22:25:34.352 INFO [main] org.apache.directory.fortress.realm.tomcat.Tc7AccessMgrProxy.setContainerType org.apache.directory.fortress.realm.tomcat.Tc7AccessMgrProxy.setContainerType <TomcatContext>
03-May-2024 22:25:34.352 INFO [main] org.apache.directory.fortress.realm.tomcat.Tc7AccessMgrProxy.setRealmClasspath org.apache.directory.fortress.realm.tomcat.Tc7AccessMgrProxy.setRealmClasspath <>
03-May-2024 22:25:34.352 INFO [main] org.apache.directory.fortress.realm.tomcat.Tc7AccessMgrProxy.setContextId org.apache.directory.fortress.realm.tomcat.Tc7AccessMgrProxy.setContextId <HOME>
03-May-2024 22:25:34.647 INFO [main] org.apache.directory.fortress.realm.tomcat.Tc7AccessMgrProxy.initialize org.apache.directory.fortress.realm.tomcat.Tc7AccessMgrProxy.initialize Tomcat7 Context-based policy agent
03-May-2024 22:25:34.647 INFO [main] org.apache.directory.fortress.realm.tomcat.Tc7AccessMgrProxy.initialize org.apache.directory.fortress.realm.tomcat.Tc7AccessMgrProxy.initialize - instantiate policy agent name: org.apache.directory.fortress.realm.tomcat.TcAccessMgrImpl
03-May-2024 22:25:35.803 INFO [main] org.apache.directory.fortress.realm.tomcat.Tc7AccessMgrProxy.initialize org.apache.directory.fortress.realm.tomcat.Tc7AccessMgrProxy J2EE Tomcat7 policy agent, contextId: HOME, defaultRoles: 
03-May-2024 22:25:39.318 INFO [main] org.apache.jasper.servlet.TldScanner.scanJars At least one JAR was scanned for TLDs yet contained no TLDs. Enable debug logging for this logger for a complete list of JARs that were scanned but no TLDs were found in them. Skipping unneeded JARs during scanning can improve startup time and JSP compilation time.
03-May-2024 22:25:40.644 INFO [main] org.apache.catalina.startup.HostConfig.deployWAR Deployment of web application archive [/home/wanglx/arch/apache-tomcat/webapps/fortress-web.war] has finished in [6,310] ms
03-May-2024 22:25:40.645 INFO [main] org.apache.catalina.startup.HostConfig.deployDirectory Deploying web application directory [/home/wanglx/arch/apache-tomcat/webapps/manager]
03-May-2024 22:25:40.670 INFO [main] org.apache.jasper.servlet.TldScanner.scanJars At least one JAR was scanned for TLDs yet contained no TLDs. Enable debug logging for this logger for a complete list of JARs that were scanned but no TLDs were found in them. Skipping unneeded JARs during scanning can improve startup time and JSP compilation time.
03-May-2024 22:25:40.678 INFO [main] org.apache.catalina.startup.HostConfig.deployDirectory Deployment of web application directory [/home/wanglx/arch/apache-tomcat/webapps/manager] has finished in [33] ms
03-May-2024 22:25:40.678 INFO [main] org.apache.catalina.startup.HostConfig.deployDirectory Deploying web application directory [/home/wanglx/arch/apache-tomcat/webapps/ROOT]
03-May-2024 22:25:40.693 INFO [main] org.apache.jasper.servlet.TldScanner.scanJars At least one JAR was scanned for TLDs yet contained no TLDs. Enable debug logging for this logger for a complete list of JARs that were scanned but no TLDs were found in them. Skipping unneeded JARs during scanning can improve startup time and JSP compilation time.
03-May-2024 22:25:40.696 INFO [main] org.apache.catalina.startup.HostConfig.deployDirectory Deployment of web application directory [/home/wanglx/arch/apache-tomcat/webapps/ROOT] has finished in [17] ms
03-May-2024 22:25:40.696 INFO [main] org.apache.catalina.startup.HostConfig.deployDirectory Deploying web application directory [/home/wanglx/arch/apache-tomcat/webapps/docs]
03-May-2024 22:25:40.711 INFO [main] org.apache.jasper.servlet.TldScanner.scanJars At least one JAR was scanned for TLDs yet contained no TLDs. Enable debug logging for this logger for a complete list of JARs that were scanned but no TLDs were found in them. Skipping unneeded JARs during scanning can improve startup time and JSP compilation time.
03-May-2024 22:25:40.714 INFO [main] org.apache.catalina.startup.HostConfig.deployDirectory Deployment of web application directory [/home/wanglx/arch/apache-tomcat/webapps/docs] has finished in [18] ms
03-May-2024 22:25:40.719 INFO [main] org.apache.coyote.AbstractProtocol.start Starting ProtocolHandler ["http-nio-8080"]
03-May-2024 22:25:40.750 INFO [main] org.apache.catalina.startup.Catalina.start Server startup in [6530] milliseconds
