02-May-2024 00:50:30.192 INFO [main] org.apache.catalina.core.ApplicationContext.log ContextListener: contextInitialized()
02-May-2024 00:50:30.192 INFO [main] org.apache.catalina.core.ApplicationContext.log SessionListener: contextInitialized()
02-May-2024 00:50:30.194 INFO [main] org.apache.catalina.core.ApplicationContext.log ContextListener: attributeAdded('StockTicker', 'async.Stockticker@3972a855')
02-May-2024 00:55:41.339 INFO [Catalina-utility-2] org.apache.catalina.core.ApplicationContext.log SessionListener: contextDestroyed()
02-May-2024 00:55:41.339 INFO [Catalina-utility-2] org.apache.catalina.core.ApplicationContext.log ContextListener: contextDestroyed()
02-May-2024 01:03:27.064 INFO [http-nio-8080-exec-15] org.apache.catalina.core.ApplicationContext.log No Spring WebApplicationInitializer types detected on classpath
02-May-2024 01:03:27.154 INFO [http-nio-8080-exec-15] org.apache.catalina.core.ApplicationContext.log Initializing Spring root WebApplicationContext
02-May-2024 01:03:34.119 INFO [http-nio-8080-exec-10] org.apache.catalina.core.ApplicationContext.log No Spring WebApplicationInitializer types detected on classpath
02-May-2024 01:03:34.179 INFO [http-nio-8080-exec-10] org.apache.catalina.core.ApplicationContext.log Initializing Spring root WebApplicationContext
02-May-2024 01:41:48.845 INFO [main] org.apache.catalina.core.ApplicationContext.log Closing Spring root WebApplicationContext
02-May-2024 01:41:48.881 INFO [main] org.apache.catalina.core.ApplicationContext.log Closing Spring root WebApplicationContext
02-May-2024 01:42:45.035 INFO [http-nio-8080-exec-10] org.apache.catalina.core.ApplicationContext.log No Spring WebApplicationInitializer types detected on classpath
02-May-2024 01:42:45.114 INFO [http-nio-8080-exec-10] org.apache.catalina.core.ApplicationContext.log Initializing Spring root WebApplicationContext
02-May-2024 01:42:54.137 INFO [http-nio-8080-exec-1] org.apache.catalina.core.ApplicationContext.log No Spring WebApplicationInitializer types detected on classpath
02-May-2024 01:42:54.184 INFO [http-nio-8080-exec-1] org.apache.catalina.core.ApplicationContext.log Initializing Spring root WebApplicationContext
02-May-2024 07:19:00.667 INFO [http-nio-8080-exec-5] org.apache.catalina.core.ApplicationContext.log No Spring WebApplicationInitializer types detected on classpath
02-May-2024 07:19:00.715 INFO [http-nio-8080-exec-5] org.apache.catalina.core.ApplicationContext.log Initializing Spring root WebApplicationContext
02-May-2024 07:19:05.865 INFO [http-nio-8080-exec-7] org.apache.catalina.core.ApplicationContext.log No Spring WebApplicationInitializer types detected on classpath
02-May-2024 07:19:05.900 INFO [http-nio-8080-exec-7] org.apache.catalina.core.ApplicationContext.log Initializing Spring root WebApplicationContext
02-May-2024 07:28:31.806 INFO [Thread-2] org.apache.catalina.core.ApplicationContext.log Closing Spring root WebApplicationContext
02-May-2024 07:28:31.892 INFO [Thread-2] org.apache.catalina.core.ApplicationContext.log Closing Spring root WebApplicationContext
02-May-2024 07:43:27.386 INFO [http-nio-8080-exec-4] org.apache.catalina.core.ApplicationContext.log No Spring WebApplicationInitializer types detected on classpath
02-May-2024 07:43:27.431 INFO [http-nio-8080-exec-4] org.apache.catalina.core.ApplicationContext.log Initializing Spring root WebApplicationContext
02-May-2024 07:43:30.910 INFO [http-nio-8080-exec-6] org.apache.catalina.core.ApplicationContext.log No Spring WebApplicationInitializer types detected on classpath
02-May-2024 07:43:30.939 INFO [http-nio-8080-exec-6] org.apache.catalina.core.ApplicationContext.log Initializing Spring root WebApplicationContext
02-May-2024 07:50:45.514 INFO [http-nio-8080-exec-4] org.apache.catalina.core.ApplicationContext.log Closing Spring root WebApplicationContext
02-May-2024 07:51:12.172 INFO [http-nio-8080-exec-2] org.apache.catalina.core.ApplicationContext.log No Spring WebApplicationInitializer types detected on classpath
02-May-2024 07:51:12.197 INFO [http-nio-8080-exec-2] org.apache.catalina.core.ApplicationContext.log Initializing Spring root WebApplicationContext
02-May-2024 08:02:22.052 INFO [main] org.apache.catalina.core.ApplicationContext.log Closing Spring root WebApplicationContext
02-May-2024 08:02:22.076 INFO [main] org.apache.catalina.core.ApplicationContext.log Closing Spring root WebApplicationContext
02-May-2024 08:02:31.672 INFO [main] org.apache.catalina.core.ApplicationContext.log No Spring WebApplicationInitializer types detected on classpath
02-May-2024 08:02:31.679 INFO [main] org.apache.catalina.core.ApplicationContext.log Initializing Spring root WebApplicationContext
02-May-2024 08:02:33.681 INFO [main] org.apache.catalina.core.ApplicationContext.log No Spring WebApplicationInitializer types detected on classpath
02-May-2024 08:02:33.686 INFO [main] org.apache.catalina.core.ApplicationContext.log Initializing Spring root WebApplicationContext
02-May-2024 21:11:10.063 INFO [http-nio-8080-exec-1] org.apache.catalina.core.ApplicationContext.log Closing Spring root WebApplicationContext
02-May-2024 21:12:19.243 INFO [http-nio-8080-exec-11] org.apache.catalina.core.ApplicationContext.log No Spring WebApplicationInitializer types detected on classpath
02-May-2024 21:12:19.248 INFO [http-nio-8080-exec-11] org.apache.catalina.core.ApplicationContext.log Initializing Spring root WebApplicationContext
02-May-2024 21:12:30.194 INFO [http-nio-8080-exec-4] org.apache.catalina.core.ApplicationContext.log Closing Spring root WebApplicationContext
02-May-2024 21:13:19.991 INFO [main] org.apache.catalina.core.ApplicationContext.log Closing Spring root WebApplicationContext
02-May-2024 21:13:34.123 INFO [main] org.apache.catalina.core.ApplicationContext.log No Spring WebApplicationInitializer types detected on classpath
02-May-2024 21:13:34.131 INFO [main] org.apache.catalina.core.ApplicationContext.log Initializing Spring root WebApplicationContext
02-May-2024 21:15:18.889 INFO [http-nio-8080-exec-10] org.apache.catalina.core.ApplicationContext.log No Spring WebApplicationInitializer types detected on classpath
02-May-2024 21:15:18.895 INFO [http-nio-8080-exec-10] org.apache.catalina.core.ApplicationContext.log Initializing Spring root WebApplicationContext
02-May-2024 21:34:30.177 INFO [Thread-4] org.apache.catalina.core.ApplicationContext.log Closing Spring root WebApplicationContext
02-May-2024 21:34:30.405 INFO [Thread-4] org.apache.catalina.core.ApplicationContext.log Closing Spring root WebApplicationContext
